# JRE version: 7.0_11-b21
# Java VM: Java HotSpot(TM) 64-Bit Server VM (23.6-b04 mixed mode windows-amd64 compressed oops)
Heap
 PSYoungGen      total 568064K, used 20918K [0x0000000755560000, 0x000000077f680000, 0x0000000800000000)
  eden space 458240K, 4% used [0x0000000755560000,0x00000007569cd850,0x00000007714e0000)
  from space 109824K, 0% used [0x0000000777e10000,0x0000000777e10000,0x000000077e950000)
  to   space 107712K, 0% used [0x00000007714e0000,0x00000007714e0000,0x0000000777e10000)
 ParOldGen       total 266624K, used 257540K [0x0000000600000000, 0x0000000610460000, 0x0000000755560000)
  object space 266624K, 96% used [0x0000000600000000,0x000000060fb81120,0x0000000610460000)
 PSPermGen       total 21248K, used 5764K [0x00000005fae00000, 0x00000005fc2c0000, 0x0000000600000000)
  object space 21248K, 27% used [0x00000005fae00000,0x00000005fb3a1080,0x00000005fc2c0000)
GC Heap History (10 events):
Event: 12.751 GC heap before
{Heap before GC invocations=13 (full 2):
 PSYoungGen      total 377216K, used 62334K [0x0000000755560000, 0x000000077a1f0000, 0x0000000800000000)
  eden space 288192K, 0% used [0x0000000755560000,0x0000000755560000,0x0000000766ed0000)
  from space 89024K, 70% used [0x0000000766ed0000,0x000000076abaf9a8,0x000000076c5c0000)
  to   space 93248K, 0% used [0x00000007746e0000,0x00000007746e0000,0x000000077a1f0000)
 ParOldGen       total 161280K, used 161166K [0x0000000600000000, 0x0000000609d80000, 0x0000000755560000)
  object space 161280K, 99% used [0x0000000600000000,0x0000000609d63be8,0x0000000609d80000)
 PSPermGen       total 21248K, used 5639K [0x00000005fae00000, 0x00000005fc2c0000, 0x0000000600000000)
  object space 21248K, 26% used [0x00000005fae00000,0x00000005fb381f30,0x00000005fc2c0000)
Event: 14.650 GC heap after
Heap after GC invocations=13 (full 2):
 PSYoungGen      total 377216K, used 0K [0x0000000755560000, 0x000000077a1f0000, 0x0000000800000000)
  eden space 288192K, 0% used [0x0000000755560000,0x0000000755560000,0x0000000766ed0000)
  from space 89024K, 0% used [0x0000000766ed0000,0x0000000766ed0000,0x000000076c5c0000)
  to   space 93248K, 0% used [0x00000007746e0000,0x00000007746e0000,0x000000077a1f0000)
 ParOldGen       total 266624K, used 155364K [0x0000000600000000, 0x0000000610460000, 0x0000000755560000)
  object space 266624K, 58% used [0x0000000600000000,0x00000006097b9248,0x0000000610460000)
 PSPermGen       total 21248K, used 5639K [0x00000005fae00000, 0x00000005fc2c0000, 0x0000000600000000)
  object space 21248K, 26% used [0x00000005fae00000,0x00000005fb381cb0,0x00000005fc2c0000)
}
Event: 15.971 GC heap before
{Heap before GC invocations=14 (full 2):
 PSYoungGen      total 377216K, used 288192K [0x0000000755560000, 0x000000077a1f0000, 0x0000000800000000)
  eden space 288192K, 100% used [0x0000000755560000,0x0000000766ed0000,0x0000000766ed0000)
  from space 89024K, 0% used [0x0000000766ed0000,0x0000000766ed0000,0x000000076c5c0000)
  to   space 93248K, 0% used [0x00000007746e0000,0x00000007746e0000,0x000000077a1f0000)
 ParOldGen       total 266624K, used 155364K [0x0000000600000000, 0x0000000610460000, 0x0000000755560000)
  object space 266624K, 58% used [0x0000000600000000,0x00000006097b9248,0x0000000610460000)
 PSPermGen       total 21248K, used 5645K [0x00000005fae00000, 0x00000005fc2c0000, 0x0000000600000000)
  object space 21248K, 26% used [0x00000005fae00000,0x00000005fb383500,0x00000005fc2c0000)
Event: 16.542 GC heap after
Heap after GC invocations=14 (full 2):
 PSYoungGen      total 421696K, used 57015K [0x0000000755560000, 0x0000000777e90000, 0x0000000800000000)
  eden space 364672K, 0% used [0x0000000755560000,0x0000000755560000,0x000000076b980000)
  from space 57024K, 99% used [0x00000007746e0000,0x0000000777e8df40,0x0000000777e90000)
  to   space 94400K, 0% used [0x000000076c630000,0x000000076c630000,0x0000000772260000)
 ParOldGen       total 266624K, used 155364K [0x0000000600000000, 0x0000000610460000, 0x0000000755560000)
  object space 266624K, 58% used [0x0000000600000000,0x00000006097b9248,0x0000000610460000)
 PSPermGen       total 21248K, used 5645K [0x00000005fae00000, 0x00000005fc2c0000, 0x0000000600000000)
  object space 21248K, 26% used [0x00000005fae00000,0x00000005fb383500,0x00000005fc2c0000)
}
Event: 18.000 GC heap before
{Heap before GC invocations=15 (full 2):
 PSYoungGen      total 421696K, used 421687K [0x0000000755560000, 0x0000000777e90000, 0x0000000800000000)
  eden space 364672K, 100% used [0x0000000755560000,0x000000076b980000,0x000000076b980000)
  from space 57024K, 99% used [0x00000007746e0000,0x0000000777e8df40,0x0000000777e90000)
  to   space 94400K, 0% used [0x000000076c630000,0x000000076c630000,0x0000000772260000)
 ParOldGen       total 266624K, used 155364K [0x0000000600000000, 0x0000000610460000, 0x0000000755560000)
  object space 266624K, 58% used [0x0000000600000000,0x00000006097b9248,0x0000000610460000)
 PSPermGen       total 21248K, used 5663K [0x00000005fae00000, 0x00000005fc2c0000, 0x0000000600000000)
  object space 21248K, 26% used [0x00000005fae00000,0x00000005fb387ea8,0x00000005fc2c0000)
Event: 18.176 GC heap after
Heap after GC invocations=15 (full 2):
 PSYoungGen      total 472064K, used 94391K [0x0000000755560000, 0x000000077e950000, 0x0000000800000000)
  eden space 377664K, 0% used [0x0000000755560000,0x0000000755560000,0x000000076c630000)
  from space 94400K, 99% used [0x000000076c630000,0x000000077225ddc0,0x0000000772260000)
  to   space 109824K, 0% used [0x0000000777e10000,0x0000000777e10000,0x000000077e950000)
 ParOldGen       total 266624K, used 158299K [0x0000000600000000, 0x0000000610460000, 0x0000000755560000)
  object space 266624K, 59% used [0x0000000600000000,0x0000000609a96f40,0x0000000610460000)
 PSPermGen       total 21248K, used 5663K [0x00000005fae00000, 0x00000005fc2c0000, 0x0000000600000000)
  object space 21248K, 26% used [0x00000005fae00000,0x00000005fb387ea8,0x00000005fc2c0000)
}
Event: 20.910 GC heap before
{Heap before GC invocations=16 (full 2):
 PSYoungGen      total 472064K, used 472055K [0x0000000755560000, 0x000000077e950000, 0x0000000800000000)
  eden space 377664K, 100% used [0x0000000755560000,0x000000076c630000,0x000000076c630000)
  from space 94400K, 99% used [0x000000076c630000,0x000000077225ddc0,0x0000000772260000)
  to   space 109824K, 0% used [0x0000000777e10000,0x0000000777e10000,0x000000077e950000)
 ParOldGen       total 266624K, used 158299K [0x0000000600000000, 0x0000000610460000, 0x0000000755560000)
  object space 266624K, 59% used [0x0000000600000000,0x0000000609a96f40,0x0000000610460000)
 PSPermGen       total 21248K, used 5723K [0x00000005fae00000, 0x00000005fc2c0000, 0x0000000600000000)
  object space 21248K, 26% used [0x00000005fae00000,0x00000005fb396e08,0x00000005fc2c0000)
Event: 21.484 GC heap after
Heap after GC invocations=16 (full 2):
 PSYoungGen      total 568064K, used 58106K [0x0000000755560000, 0x000000077f680000, 0x0000000800000000)
  eden space 458240K, 0% used [0x0000000755560000,0x0000000755560000,0x00000007714e0000)
  from space 109824K, 52% used [0x0000000777e10000,0x000000077b6ce998,0x000000077e950000)
  to   space 107712K, 0% used [0x00000007714e0000,0x00000007714e0000,0x0000000777e10000)
 ParOldGen       total 266624K, used 233209K [0x0000000600000000, 0x0000000610460000, 0x0000000755560000)
  object space 266624K, 87% used [0x0000000600000000,0x000000060e3be4e0,0x0000000610460000)
 PSPermGen       total 21248K, used 5723K [0x00000005fae00000, 0x00000005fc2c0000, 0x0000000600000000)
  object space 21248K, 26% used [0x00000005fae00000,0x00000005fb396e08,0x00000005fc2c0000)
}
Event: 21.484 GC heap before
{Heap before GC invocations=17 (full 3):
 PSYoungGen      total 568064K, used 58106K [0x0000000755560000, 0x000000077f680000, 0x0000000800000000)
  eden space 458240K, 0% used [0x0000000755560000,0x0000000755560000,0x00000007714e0000)
  from space 109824K, 52% used [0x0000000777e10000,0x000000077b6ce998,0x000000077e950000)
  to   space 107712K, 0% used [0x00000007714e0000,0x00000007714e0000,0x0000000777e10000)
 ParOldGen       total 266624K, used 233209K [0x0000000600000000, 0x0000000610460000, 0x0000000755560000)
  object space 266624K, 87% used [0x0000000600000000,0x000000060e3be4e0,0x0000000610460000)
 PSPermGen       total 21248K, used 5723K [0x00000005fae00000, 0x00000005fc2c0000, 0x0000000600000000)
  object space 21248K, 26% used [0x00000005fae00000,0x00000005fb396e08,0x00000005fc2c0000)
Event: 25.152 GC heap after
Heap after GC invocations=17 (full 3):
 PSYoungGen      total 568064K, used 0K [0x0000000755560000, 0x000000077f680000, 0x0000000800000000)
  eden space 458240K, 0% used [0x0000000755560000,0x0000000755560000,0x00000007714e0000)
  from space 109824K, 0% used [0x0000000777e10000,0x0000000777e10000,0x000000077e950000)
  to   space 107712K, 0% used [0x00000007714e0000,0x00000007714e0000,0x0000000777e10000)
 ParOldGen       total 266624K, used 257540K [0x0000000600000000, 0x0000000610460000, 0x0000000755560000)
  object space 266624K, 96% used [0x0000000600000000,0x000000060fb81120,0x0000000610460000)
 PSPermGen       total 21248K, used 5723K [0x00000005fae00000, 0x00000005fc2c0000, 0x0000000600000000)
  object space 21248K, 26% used [0x00000005fae00000,0x00000005fb396d28,0x00000005fc2c0000)
}

