# JRE version: 7.0_11-b21
# Java VM: Java HotSpot(TM) 64-Bit Server VM (23.6-b04 mixed mode windows-amd64 compressed oops)
Heap
 PSYoungGen      total 409984K, used 225470K [0x0000000755560000, 0x000000077afa0000, 0x0000000800000000)
  eden space 314112K, 70% used [0x0000000755560000,0x0000000762dde490,0x0000000768820000)
  from space 95872K, 3% used [0x0000000768820000,0x0000000768bd1410,0x000000076e5c0000)
  to   space 95488K, 0% used [0x0000000775260000,0x0000000775260000,0x000000077afa0000)
 ParOldGen       total 214656K, used 214653K [0x0000000600000000, 0x000000060d1a0000, 0x0000000755560000)
  object space 214656K, 99% used [0x0000000600000000,0x000000060d19f510,0x000000060d1a0000)
 PSPermGen       total 21248K, used 5707K [0x00000005fae00000, 0x00000005fc2c0000, 0x0000000600000000)
  object space 21248K, 26% used [0x00000005fae00000,0x00000005fb392fd8,0x00000005fc2c0000)
GC Heap History (10 events):
Event: 16.054 GC heap before
{Heap before GC invocations=10 (full 1):
 PSYoungGen      total 396992K, used 396962K [0x0000000755560000, 0x00000007755f0000, 0x0000000800000000)
  eden space 344000K, 100% used [0x0000000755560000,0x000000076a550000,0x000000076a550000)
  from space 52992K, 99% used [0x000000076e5c0000,0x0000000771978ad8,0x0000000771980000)
  to   space 65984K, 0% used [0x000000076a550000,0x000000076a550000,0x000000076e5c0000)
 ParOldGen       total 120320K, used 87783K [0x0000000600000000, 0x0000000607580000, 0x0000000755560000)
  object space 120320K, 72% used [0x0000000600000000,0x00000006055b9f80,0x0000000607580000)
 PSPermGen       total 21248K, used 5640K [0x00000005fae00000, 0x00000005fc2c0000, 0x0000000600000000)
  object space 21248K, 26% used [0x00000005fae00000,0x00000005fb382398,0x00000005fc2c0000)
Event: 16.476 GC heap after
Heap after GC invocations=10 (full 1):
 PSYoungGen      total 409984K, used 65956K [0x0000000755560000, 0x00000007755f0000, 0x0000000800000000)
  eden space 344000K, 0% used [0x0000000755560000,0x0000000755560000,0x000000076a550000)
  from space 65984K, 99% used [0x000000076a550000,0x000000076e5b9298,0x000000076e5c0000)
  to   space 52992K, 0% used [0x000000076e5c0000,0x000000076e5c0000,0x0000000771980000)
 ParOldGen       total 120320K, used 110921K [0x0000000600000000, 0x0000000607580000, 0x0000000755560000)
  object space 120320K, 92% used [0x0000000600000000,0x0000000606c526f8,0x0000000607580000)
 PSPermGen       total 21248K, used 5640K [0x00000005fae00000, 0x00000005fc2c0000, 0x0000000600000000)
  object space 21248K, 26% used [0x00000005fae00000,0x00000005fb382398,0x00000005fc2c0000)
}
Event: 16.476 GC heap before
{Heap before GC invocations=11 (full 2):
 PSYoungGen      total 409984K, used 65956K [0x0000000755560000, 0x00000007755f0000, 0x0000000800000000)
  eden space 344000K, 0% used [0x0000000755560000,0x0000000755560000,0x000000076a550000)
  from space 65984K, 99% used [0x000000076a550000,0x000000076e5b9298,0x000000076e5c0000)
  to   space 52992K, 0% used [0x000000076e5c0000,0x000000076e5c0000,0x0000000771980000)
 ParOldGen       total 120320K, used 110921K [0x0000000600000000, 0x0000000607580000, 0x0000000755560000)
  object space 120320K, 92% used [0x0000000600000000,0x0000000606c526f8,0x0000000607580000)
 PSPermGen       total 21248K, used 5640K [0x00000005fae00000, 0x00000005fc2c0000, 0x0000000600000000)
  object space 21248K, 26% used [0x00000005fae00000,0x00000005fb382398,0x00000005fc2c0000)
Event: 17.350 GC heap after
Heap after GC invocations=11 (full 2):
 PSYoungGen      total 409984K, used 17963K [0x0000000755560000, 0x00000007755f0000, 0x0000000800000000)
  eden space 344000K, 0% used [0x0000000755560000,0x0000000755560000,0x000000076a550000)
  from space 65984K, 27% used [0x000000076a550000,0x000000076b6dadf8,0x000000076e5c0000)
  to   space 52992K, 0% used [0x000000076e5c0000,0x000000076e5c0000,0x0000000771980000)
 ParOldGen       total 214656K, used 120319K [0x0000000600000000, 0x000000060d1a0000, 0x0000000755560000)
  object space 214656K, 56% used [0x0000000600000000,0x000000060757fe30,0x000000060d1a0000)
 PSPermGen       total 21248K, used 5640K [0x00000005fae00000, 0x00000005fc2c0000, 0x0000000600000000)
  object space 21248K, 26% used [0x00000005fae00000,0x00000005fb382198,0x00000005fc2c0000)
}
Event: 20.074 GC heap before
{Heap before GC invocations=12 (full 2):
 PSYoungGen      total 409984K, used 361963K [0x0000000755560000, 0x00000007755f0000, 0x0000000800000000)
  eden space 344000K, 100% used [0x0000000755560000,0x000000076a550000,0x000000076a550000)
  from space 65984K, 27% used [0x000000076a550000,0x000000076b6dadf8,0x000000076e5c0000)
  to   space 52992K, 0% used [0x000000076e5c0000,0x000000076e5c0000,0x0000000771980000)
 ParOldGen       total 214656K, used 120319K [0x0000000600000000, 0x000000060d1a0000, 0x0000000755560000)
  object space 214656K, 56% used [0x0000000600000000,0x000000060757fe30,0x000000060d1a0000)
 PSPermGen       total 21248K, used 5652K [0x00000005fae00000, 0x00000005fc2c0000, 0x0000000600000000)
  object space 21248K, 26% used [0x00000005fae00000,0x00000005fb385268,0x00000005fc2c0000)
Event: 20.365 GC heap after
Heap after GC invocations=12 (full 2):
 PSYoungGen      total 367104K, used 52964K [0x0000000755560000, 0x000000077cbb0000, 0x0000000800000000)
  eden space 314112K, 0% used [0x0000000755560000,0x0000000755560000,0x0000000768820000)
  from space 52992K, 99% used [0x000000076e5c0000,0x00000007719792a8,0x0000000771980000)
  to   space 95872K, 0% used [0x0000000768820000,0x0000000768820000,0x000000076e5c0000)
 ParOldGen       total 214656K, used 143689K [0x0000000600000000, 0x000000060d1a0000, 0x0000000755560000)
  object space 214656K, 66% used [0x0000000600000000,0x0000000608c524f0,0x000000060d1a0000)
 PSPermGen       total 21248K, used 5652K [0x00000005fae00000, 0x00000005fc2c0000, 0x0000000600000000)
  object space 21248K, 26% used [0x00000005fae00000,0x00000005fb385268,0x00000005fc2c0000)
}
Event: 21.202 GC heap before
{Heap before GC invocations=13 (full 2):
 PSYoungGen      total 367104K, used 367076K [0x0000000755560000, 0x000000077cbb0000, 0x0000000800000000)
  eden space 314112K, 100% used [0x0000000755560000,0x0000000768820000,0x0000000768820000)
  from space 52992K, 99% used [0x000000076e5c0000,0x00000007719792a8,0x0000000771980000)
  to   space 95872K, 0% used [0x0000000768820000,0x0000000768820000,0x000000076e5c0000)
 ParOldGen       total 214656K, used 143689K [0x0000000600000000, 0x000000060d1a0000, 0x0000000755560000)
  object space 214656K, 66% used [0x0000000600000000,0x0000000608c524f0,0x000000060d1a0000)
 PSPermGen       total 21248K, used 5664K [0x00000005fae00000, 0x00000005fc2c0000, 0x0000000600000000)
  object space 21248K, 26% used [0x00000005fae00000,0x00000005fb3883a8,0x00000005fc2c0000)
Event: 21.434 GC heap after
Heap after GC invocations=13 (full 2):
 PSYoungGen      total 409984K, used 54106K [0x0000000755560000, 0x000000077afa0000, 0x0000000800000000)
  eden space 314112K, 0% used [0x0000000755560000,0x0000000755560000,0x0000000768820000)
  from space 95872K, 56% used [0x0000000768820000,0x000000076bcf6b18,0x000000076e5c0000)
  to   space 95488K, 0% used [0x0000000775260000,0x0000000775260000,0x000000077afa0000)
 ParOldGen       total 214656K, used 179970K [0x0000000600000000, 0x000000060d1a0000, 0x0000000755560000)
  object space 214656K, 83% used [0x0000000600000000,0x000000060afc0830,0x000000060d1a0000)
 PSPermGen       total 21248K, used 5664K [0x00000005fae00000, 0x00000005fc2c0000, 0x0000000600000000)
  object space 21248K, 26% used [0x00000005fae00000,0x00000005fb3883a8,0x00000005fc2c0000)
}
Event: 21.434 GC heap before
{Heap before GC invocations=14 (full 3):
 PSYoungGen      total 409984K, used 54106K [0x0000000755560000, 0x000000077afa0000, 0x0000000800000000)
  eden space 314112K, 0% used [0x0000000755560000,0x0000000755560000,0x0000000768820000)
  from space 95872K, 56% used [0x0000000768820000,0x000000076bcf6b18,0x000000076e5c0000)
  to   space 95488K, 0% used [0x0000000775260000,0x0000000775260000,0x000000077afa0000)
 ParOldGen       total 214656K, used 179970K [0x0000000600000000, 0x000000060d1a0000, 0x0000000755560000)
  object space 214656K, 83% used [0x0000000600000000,0x000000060afc0830,0x000000060d1a0000)
 PSPermGen       total 21248K, used 5664K [0x00000005fae00000, 0x00000005fc2c0000, 0x0000000600000000)
  object space 21248K, 26% used [0x00000005fae00000,0x00000005fb3883a8,0x00000005fc2c0000)
Event: 23.002 GC heap after
Heap after GC invocations=14 (full 3):
 PSYoungGen      total 409984K, used 3781K [0x0000000755560000, 0x000000077afa0000, 0x0000000800000000)
  eden space 314112K, 0% used [0x0000000755560000,0x0000000755560000,0x0000000768820000)
  from space 95872K, 3% used [0x0000000768820000,0x0000000768bd1410,0x000000076e5c0000)
  to   space 95488K, 0% used [0x0000000775260000,0x0000000775260000,0x000000077afa0000)
 ParOldGen       total 214656K, used 214653K [0x0000000600000000, 0x000000060d1a0000, 0x0000000755560000)
  object space 214656K, 99% used [0x0000000600000000,0x000000060d19f510,0x000000060d1a0000)
 PSPermGen       total 21248K, used 5664K [0x00000005fae00000, 0x00000005fc2c0000, 0x0000000600000000)
  object space 21248K, 26% used [0x00000005fae00000,0x00000005fb388248,0x00000005fc2c0000)
}

