# JRE version: 7.0_11-b21
# Java VM: Java HotSpot(TM) 64-Bit Server VM (23.6-b04 mixed mode windows-amd64 compressed oops)
Heap
 PSYoungGen      total 134912K, used 17829K [0x0000000755560000, 0x000000075de60000, 0x0000000800000000)
  eden space 129536K, 13% used [0x0000000755560000,0x00000007566c95f0,0x000000075d3e0000)
  from space 5376K, 0% used [0x000000075d3e0000,0x000000075d3e0000,0x000000075d920000)
  to   space 5376K, 0% used [0x000000075d920000,0x000000075d920000,0x000000075de60000)
 ParOldGen       total 177344K, used 76548K [0x0000000600000000, 0x000000060ad30000, 0x0000000755560000)
  object space 177344K, 43% used [0x0000000600000000,0x0000000604ac13a8,0x000000060ad30000)
 PSPermGen       total 21248K, used 5879K [0x00000005fae00000, 0x00000005fc2c0000, 0x0000000600000000)
  object space 21248K, 27% used [0x00000005fae00000,0x00000005fb3bde70,0x00000005fc2c0000)
GC Heap History (10 events):
Event: 10.785 GC heap before
{Heap before GC invocations=5 (full 0):
 PSYoungGen      total 134912K, used 134894K [0x0000000755560000, 0x000000075de60000, 0x0000000800000000)
  eden space 129536K, 100% used [0x0000000755560000,0x000000075d3e0000,0x000000075d3e0000)
  from space 5376K, 99% used [0x000000075d920000,0x000000075de5b8e8,0x000000075de60000)
  to   space 5376K, 0% used [0x000000075d3e0000,0x000000075d3e0000,0x000000075d920000)
 ParOldGen       total 86272K, used 33771K [0x0000000600000000, 0x0000000605440000, 0x0000000755560000)
  object space 86272K, 39% used [0x0000000600000000,0x00000006020fac48,0x0000000605440000)
 PSPermGen       total 21248K, used 5621K [0x00000005fae00000, 0x00000005fc2c0000, 0x0000000600000000)
  object space 21248K, 26% used [0x00000005fae00000,0x00000005fb37d750,0x00000005fc2c0000)
Event: 11.018 GC heap after
Heap after GC invocations=5 (full 0):
 PSYoungGen      total 134912K, used 5367K [0x0000000755560000, 0x000000075de60000, 0x0000000800000000)
  eden space 129536K, 0% used [0x0000000755560000,0x0000000755560000,0x000000075d3e0000)
  from space 5376K, 99% used [0x000000075d3e0000,0x000000075d91ddc0,0x000000075d920000)
  to   space 5376K, 0% used [0x000000075d920000,0x000000075d920000,0x000000075de60000)
 ParOldGen       total 86272K, used 62362K [0x0000000600000000, 0x0000000605440000, 0x0000000755560000)
  object space 86272K, 72% used [0x0000000600000000,0x0000000603ce6b68,0x0000000605440000)
 PSPermGen       total 21248K, used 5621K [0x00000005fae00000, 0x00000005fc2c0000, 0x0000000600000000)
  object space 21248K, 26% used [0x00000005fae00000,0x00000005fb37d750,0x00000005fc2c0000)
}
Event: 11.018 GC heap before
{Heap before GC invocations=6 (full 1):
 PSYoungGen      total 134912K, used 5367K [0x0000000755560000, 0x000000075de60000, 0x0000000800000000)
  eden space 129536K, 0% used [0x0000000755560000,0x0000000755560000,0x000000075d3e0000)
  from space 5376K, 99% used [0x000000075d3e0000,0x000000075d91ddc0,0x000000075d920000)
  to   space 5376K, 0% used [0x000000075d920000,0x000000075d920000,0x000000075de60000)
 ParOldGen       total 86272K, used 62362K [0x0000000600000000, 0x0000000605440000, 0x0000000755560000)
  object space 86272K, 72% used [0x0000000600000000,0x0000000603ce6b68,0x0000000605440000)
 PSPermGen       total 21248K, used 5621K [0x00000005fae00000, 0x00000005fc2c0000, 0x0000000600000000)
  object space 21248K, 26% used [0x00000005fae00000,0x00000005fb37d750,0x00000005fc2c0000)
Event: 11.837 GC heap after
Heap after GC invocations=6 (full 1):
 PSYoungGen      total 134912K, used 0K [0x0000000755560000, 0x000000075de60000, 0x0000000800000000)
  eden space 129536K, 0% used [0x0000000755560000,0x0000000755560000,0x000000075d3e0000)
  from space 5376K, 0% used [0x000000075d3e0000,0x000000075d3e0000,0x000000075d920000)
  to   space 5376K, 0% used [0x000000075d920000,0x000000075d920000,0x000000075de60000)
 ParOldGen       total 126528K, used 54459K [0x0000000600000000, 0x0000000607b90000, 0x0000000755560000)
  object space 126528K, 43% used [0x0000000600000000,0x000000060352ec80,0x0000000607b90000)
 PSPermGen       total 21248K, used 5617K [0x00000005fae00000, 0x00000005fc2c0000, 0x0000000600000000)
  object space 21248K, 26% used [0x00000005fae00000,0x00000005fb37c610,0x00000005fc2c0000)
}
Event: 13.075 GC heap before
{Heap before GC invocations=7 (full 1):
 PSYoungGen      total 134912K, used 129536K [0x0000000755560000, 0x000000075de60000, 0x0000000800000000)
  eden space 129536K, 100% used [0x0000000755560000,0x000000075d3e0000,0x000000075d3e0000)
  from space 5376K, 0% used [0x000000075d3e0000,0x000000075d3e0000,0x000000075d920000)
  to   space 5376K, 0% used [0x000000075d920000,0x000000075d920000,0x000000075de60000)
 ParOldGen       total 126528K, used 54459K [0x0000000600000000, 0x0000000607b90000, 0x0000000755560000)
  object space 126528K, 43% used [0x0000000600000000,0x000000060352ec80,0x0000000607b90000)
 PSPermGen       total 21248K, used 5628K [0x00000005fae00000, 0x00000005fc2c0000, 0x0000000600000000)
  object space 21248K, 26% used [0x00000005fae00000,0x00000005fb37f1b8,0x00000005fc2c0000)
Event: 13.118 GC heap after
Heap after GC invocations=7 (full 1):
 PSYoungGen      total 134912K, used 5353K [0x0000000755560000, 0x000000075de60000, 0x0000000800000000)
  eden space 129536K, 0% used [0x0000000755560000,0x0000000755560000,0x000000075d3e0000)
  from space 5376K, 99% used [0x000000075d920000,0x000000075de5a510,0x000000075de60000)
  to   space 5376K, 0% used [0x000000075d3e0000,0x000000075d3e0000,0x000000075d920000)
 ParOldGen       total 126528K, used 76327K [0x0000000600000000, 0x0000000607b90000, 0x0000000755560000)
  object space 126528K, 60% used [0x0000000600000000,0x0000000604a89fd8,0x0000000607b90000)
 PSPermGen       total 21248K, used 5628K [0x00000005fae00000, 0x00000005fc2c0000, 0x0000000600000000)
  object space 21248K, 26% used [0x00000005fae00000,0x00000005fb37f1b8,0x00000005fc2c0000)
}
Event: 13.483 GC heap before
{Heap before GC invocations=8 (full 1):
 PSYoungGen      total 134912K, used 134889K [0x0000000755560000, 0x000000075de60000, 0x0000000800000000)
  eden space 129536K, 100% used [0x0000000755560000,0x000000075d3e0000,0x000000075d3e0000)
  from space 5376K, 99% used [0x000000075d920000,0x000000075de5a510,0x000000075de60000)
  to   space 5376K, 0% used [0x000000075d3e0000,0x000000075d3e0000,0x000000075d920000)
 ParOldGen       total 126528K, used 76327K [0x0000000600000000, 0x0000000607b90000, 0x0000000755560000)
  object space 126528K, 60% used [0x0000000600000000,0x0000000604a89fd8,0x0000000607b90000)
 PSPermGen       total 21248K, used 5635K [0x00000005fae00000, 0x00000005fc2c0000, 0x0000000600000000)
  object space 21248K, 26% used [0x00000005fae00000,0x00000005fb380fc8,0x00000005fc2c0000)
Event: 13.628 GC heap after
Heap after GC invocations=8 (full 1):
 PSYoungGen      total 134912K, used 5347K [0x0000000755560000, 0x000000075de60000, 0x0000000800000000)
  eden space 129536K, 0% used [0x0000000755560000,0x0000000755560000,0x000000075d3e0000)
  from space 5376K, 99% used [0x000000075d3e0000,0x000000075d918f78,0x000000075d920000)
  to   space 5376K, 0% used [0x000000075d920000,0x000000075d920000,0x000000075de60000)
 ParOldGen       total 126528K, used 100135K [0x0000000600000000, 0x0000000607b90000, 0x0000000755560000)
  object space 126528K, 79% used [0x0000000600000000,0x00000006061c9c20,0x0000000607b90000)
 PSPermGen       total 21248K, used 5635K [0x00000005fae00000, 0x00000005fc2c0000, 0x0000000600000000)
  object space 21248K, 26% used [0x00000005fae00000,0x00000005fb380fc8,0x00000005fc2c0000)
}
Event: 13.628 GC heap before
{Heap before GC invocations=9 (full 2):
 PSYoungGen      total 134912K, used 5347K [0x0000000755560000, 0x000000075de60000, 0x0000000800000000)
  eden space 129536K, 0% used [0x0000000755560000,0x0000000755560000,0x000000075d3e0000)
  from space 5376K, 99% used [0x000000075d3e0000,0x000000075d918f78,0x000000075d920000)
  to   space 5376K, 0% used [0x000000075d920000,0x000000075d920000,0x000000075de60000)
 ParOldGen       total 126528K, used 100135K [0x0000000600000000, 0x0000000607b90000, 0x0000000755560000)
  object space 126528K, 79% used [0x0000000600000000,0x00000006061c9c20,0x0000000607b90000)
 PSPermGen       total 21248K, used 5635K [0x00000005fae00000, 0x00000005fc2c0000, 0x0000000600000000)
  object space 21248K, 26% used [0x00000005fae00000,0x00000005fb380fc8,0x00000005fc2c0000)
Event: 14.645 GC heap after
Heap after GC invocations=9 (full 2):
 PSYoungGen      total 134912K, used 0K [0x0000000755560000, 0x000000075de60000, 0x0000000800000000)
  eden space 129536K, 0% used [0x0000000755560000,0x0000000755560000,0x000000075d3e0000)
  from space 5376K, 0% used [0x000000075d3e0000,0x000000075d3e0000,0x000000075d920000)
  to   space 5376K, 0% used [0x000000075d920000,0x000000075d920000,0x000000075de60000)
 ParOldGen       total 177344K, used 76548K [0x0000000600000000, 0x000000060ad30000, 0x0000000755560000)
  object space 177344K, 43% used [0x0000000600000000,0x0000000604ac13a8,0x000000060ad30000)
 PSPermGen       total 21248K, used 5635K [0x00000005fae00000, 0x00000005fc2c0000, 0x0000000600000000)
  object space 21248K, 26% used [0x00000005fae00000,0x00000005fb380f08,0x00000005fc2c0000)
}

