# JRE version: 7.0_11-b21
# Java VM: Java HotSpot(TM) 64-Bit Server VM (23.6-b04 mixed mode windows-amd64 compressed oops)
Heap
 PSYoungGen      total 70144K, used 23166K [0x0000000755560000, 0x0000000759f20000, 0x0000000800000000)
  eden space 64768K, 27% used [0x0000000755560000,0x00000007566c2020,0x00000007594a0000)
  from space 5376K, 99% used [0x00000007594a0000,0x00000007599dd868,0x00000007599e0000)
  to   space 5376K, 0% used [0x00000007599e0000,0x00000007599e0000,0x0000000759f20000)
 ParOldGen       total 86272K, used 51151K [0x0000000600000000, 0x0000000605440000, 0x0000000755560000)
  object space 86272K, 59% used [0x0000000600000000,0x00000006031f3f08,0x0000000605440000)
 PSPermGen       total 21248K, used 5570K [0x00000005fae00000, 0x00000005fc2c0000, 0x0000000600000000)
  object space 21248K, 26% used [0x00000005fae00000,0x00000005fb370878,0x00000005fc2c0000)
GC Heap History (10 events):
Event: 1.307 GC heap before
{Heap before GC invocations=1 (full 0):
 PSYoungGen      total 37760K, used 32384K [0x0000000755560000, 0x0000000757f80000, 0x0000000800000000)
  eden space 32384K, 100% used [0x0000000755560000,0x0000000757500000,0x0000000757500000)
  from space 5376K, 0% used [0x0000000757a40000,0x0000000757a40000,0x0000000757f80000)
  to   space 5376K, 0% used [0x0000000757500000,0x0000000757500000,0x0000000757a40000)
 ParOldGen       total 86272K, used 0K [0x0000000600000000, 0x0000000605440000, 0x0000000755560000)
  object space 86272K, 0% used [0x0000000600000000,0x0000000600000000,0x0000000605440000)
 PSPermGen       total 21248K, used 5370K [0x00000005fae00000, 0x00000005fc2c0000, 0x0000000600000000)
  object space 21248K, 25% used [0x00000005fae00000,0x00000005fb33e970,0x00000005fc2c0000)
Event: 1.317 GC heap after
Heap after GC invocations=1 (full 0):
 PSYoungGen      total 37760K, used 5362K [0x0000000755560000, 0x0000000757f80000, 0x0000000800000000)
  eden space 32384K, 0% used [0x0000000755560000,0x0000000755560000,0x0000000757500000)
  from space 5376K, 99% used [0x0000000757500000,0x0000000757a3ca90,0x0000000757a40000)
  to   space 5376K, 0% used [0x0000000757a40000,0x0000000757a40000,0x0000000757f80000)
 ParOldGen       total 86272K, used 5301K [0x0000000600000000, 0x0000000605440000, 0x0000000755560000)
  object space 86272K, 6% used [0x0000000600000000,0x000000060052d7d8,0x0000000605440000)
 PSPermGen       total 21248K, used 5370K [0x00000005fae00000, 0x00000005fc2c0000, 0x0000000600000000)
  object space 21248K, 25% used [0x00000005fae00000,0x00000005fb33e970,0x00000005fc2c0000)
}
Event: 2.444 GC heap before
{Heap before GC invocations=2 (full 0):
 PSYoungGen      total 37760K, used 37746K [0x0000000755560000, 0x0000000757f80000, 0x0000000800000000)
  eden space 32384K, 100% used [0x0000000755560000,0x0000000757500000,0x0000000757500000)
  from space 5376K, 99% used [0x0000000757500000,0x0000000757a3ca90,0x0000000757a40000)
  to   space 5376K, 0% used [0x0000000757a40000,0x0000000757a40000,0x0000000757f80000)
 ParOldGen       total 86272K, used 5301K [0x0000000600000000, 0x0000000605440000, 0x0000000755560000)
  object space 86272K, 6% used [0x0000000600000000,0x000000060052d7d8,0x0000000605440000)
 PSPermGen       total 21248K, used 5524K [0x00000005fae00000, 0x00000005fc2c0000, 0x0000000600000000)
  object space 21248K, 25% used [0x00000005fae00000,0x00000005fb365150,0x00000005fc2c0000)
Event: 2.520 GC heap after
Heap after GC invocations=2 (full 0):
 PSYoungGen      total 37760K, used 5374K [0x0000000755560000, 0x0000000759f20000, 0x0000000800000000)
  eden space 32384K, 0% used [0x0000000755560000,0x0000000755560000,0x0000000757500000)
  from space 5376K, 99% used [0x0000000757a40000,0x0000000757f7f840,0x0000000757f80000)
  to   space 5376K, 0% used [0x0000000757500000,0x0000000757500000,0x0000000757a40000)
 ParOldGen       total 86272K, used 12762K [0x0000000600000000, 0x0000000605440000, 0x0000000755560000)
  object space 86272K, 14% used [0x0000000600000000,0x0000000600c76aa0,0x0000000605440000)
 PSPermGen       total 21248K, used 5524K [0x00000005fae00000, 0x00000005fc2c0000, 0x0000000600000000)
  object space 21248K, 25% used [0x00000005fae00000,0x00000005fb365150,0x00000005fc2c0000)
}
Event: 3.149 GC heap before
{Heap before GC invocations=3 (full 0):
 PSYoungGen      total 37760K, used 37758K [0x0000000755560000, 0x0000000759f20000, 0x0000000800000000)
  eden space 32384K, 100% used [0x0000000755560000,0x0000000757500000,0x0000000757500000)
  from space 5376K, 99% used [0x0000000757a40000,0x0000000757f7f840,0x0000000757f80000)
  to   space 5376K, 0% used [0x0000000757500000,0x0000000757500000,0x0000000757a40000)
 ParOldGen       total 86272K, used 12762K [0x0000000600000000, 0x0000000605440000, 0x0000000755560000)
  object space 86272K, 14% used [0x0000000600000000,0x0000000600c76aa0,0x0000000605440000)
 PSPermGen       total 21248K, used 5545K [0x00000005fae00000, 0x00000005fc2c0000, 0x0000000600000000)
  object space 21248K, 26% used [0x00000005fae00000,0x00000005fb36a620,0x00000005fc2c0000)
Event: 3.277 GC heap after
Heap after GC invocations=3 (full 0):
 PSYoungGen      total 37760K, used 5370K [0x0000000755560000, 0x0000000759f20000, 0x0000000800000000)
  eden space 32384K, 0% used [0x0000000755560000,0x0000000755560000,0x0000000757500000)
  from space 5376K, 99% used [0x0000000757500000,0x0000000757a3eb08,0x0000000757a40000)
  to   space 5376K, 0% used [0x00000007599e0000,0x00000007599e0000,0x0000000759f20000)
 ParOldGen       total 86272K, used 25275K [0x0000000600000000, 0x0000000605440000, 0x0000000755560000)
  object space 86272K, 29% used [0x0000000600000000,0x00000006018aeef0,0x0000000605440000)
 PSPermGen       total 21248K, used 5545K [0x00000005fae00000, 0x00000005fc2c0000, 0x0000000600000000)
  object space 21248K, 26% used [0x00000005fae00000,0x00000005fb36a620,0x00000005fc2c0000)
}
Event: 5.048 GC heap before
{Heap before GC invocations=4 (full 0):
 PSYoungGen      total 37760K, used 37754K [0x0000000755560000, 0x0000000759f20000, 0x0000000800000000)
  eden space 32384K, 100% used [0x0000000755560000,0x0000000757500000,0x0000000757500000)
  from space 5376K, 99% used [0x0000000757500000,0x0000000757a3eb08,0x0000000757a40000)
  to   space 5376K, 0% used [0x00000007599e0000,0x00000007599e0000,0x0000000759f20000)
 ParOldGen       total 86272K, used 25275K [0x0000000600000000, 0x0000000605440000, 0x0000000755560000)
  object space 86272K, 29% used [0x0000000600000000,0x00000006018aeef0,0x0000000605440000)
 PSPermGen       total 21248K, used 5560K [0x00000005fae00000, 0x00000005fc2c0000, 0x0000000600000000)
  object space 21248K, 26% used [0x00000005fae00000,0x00000005fb36e0e8,0x00000005fc2c0000)
Event: 5.091 GC heap after
Heap after GC invocations=4 (full 0):
 PSYoungGen      total 70144K, used 5349K [0x0000000755560000, 0x0000000759f20000, 0x0000000800000000)
  eden space 64768K, 0% used [0x0000000755560000,0x0000000755560000,0x00000007594a0000)
  from space 5376K, 99% used [0x00000007599e0000,0x0000000759f197c0,0x0000000759f20000)
  to   space 5376K, 0% used [0x00000007594a0000,0x00000007594a0000,0x00000007599e0000)
 ParOldGen       total 86272K, used 34663K [0x0000000600000000, 0x0000000605440000, 0x0000000755560000)
  object space 86272K, 40% used [0x0000000600000000,0x00000006021d9c80,0x0000000605440000)
 PSPermGen       total 21248K, used 5560K [0x00000005fae00000, 0x00000005fc2c0000, 0x0000000600000000)
  object space 21248K, 26% used [0x00000005fae00000,0x00000005fb36e0e8,0x00000005fc2c0000)
}
Event: 6.137 GC heap before
{Heap before GC invocations=5 (full 0):
 PSYoungGen      total 70144K, used 70117K [0x0000000755560000, 0x0000000759f20000, 0x0000000800000000)
  eden space 64768K, 100% used [0x0000000755560000,0x00000007594a0000,0x00000007594a0000)
  from space 5376K, 99% used [0x00000007599e0000,0x0000000759f197c0,0x0000000759f20000)
  to   space 5376K, 0% used [0x00000007594a0000,0x00000007594a0000,0x00000007599e0000)
 ParOldGen       total 86272K, used 34663K [0x0000000600000000, 0x0000000605440000, 0x0000000755560000)
  object space 86272K, 40% used [0x0000000600000000,0x00000006021d9c80,0x0000000605440000)
 PSPermGen       total 21248K, used 5567K [0x00000005fae00000, 0x00000005fc2c0000, 0x0000000600000000)
  object space 21248K, 26% used [0x00000005fae00000,0x00000005fb36ff88,0x00000005fc2c0000)
Event: 6.955 GC heap after
Heap after GC invocations=5 (full 0):
 PSYoungGen      total 70144K, used 5366K [0x0000000755560000, 0x0000000759f20000, 0x0000000800000000)
  eden space 64768K, 0% used [0x0000000755560000,0x0000000755560000,0x00000007594a0000)
  from space 5376K, 99% used [0x00000007594a0000,0x00000007599dd868,0x00000007599e0000)
  to   space 5376K, 0% used [0x00000007599e0000,0x00000007599e0000,0x0000000759f20000)
 ParOldGen       total 86272K, used 51151K [0x0000000600000000, 0x0000000605440000, 0x0000000755560000)
  object space 86272K, 59% used [0x0000000600000000,0x00000006031f3f08,0x0000000605440000)
 PSPermGen       total 21248K, used 5567K [0x00000005fae00000, 0x00000005fc2c0000, 0x0000000600000000)
  object space 21248K, 26% used [0x00000005fae00000,0x00000005fb36ff88,0x00000005fc2c0000)
}

