# JRE version: 7.0_11-b21
# Java VM: Java HotSpot(TM) 64-Bit Server VM (23.6-b04 mixed mode windows-amd64 compressed oops)
Heap
 PSYoungGen      total 466240K, used 267138K [0x0000000755560000, 0x0000000779fb0000, 0x0000000800000000)
  eden space 342272K, 54% used [0x0000000755560000,0x0000000760a8b120,0x000000076a3a0000)
  from space 123968K, 65% used [0x0000000772160000,0x0000000777115a68,0x0000000779a70000)
  to   space 128768K, 0% used [0x000000076a3a0000,0x000000076a3a0000,0x0000000772160000)
 ParOldGen       total 279424K, used 141207K [0x0000000600000000, 0x00000006110e0000, 0x0000000755560000)
  object space 279424K, 50% used [0x0000000600000000,0x00000006089e5e88,0x00000006110e0000)
 PSPermGen       total 21248K, used 5665K [0x00000005fae00000, 0x00000005fc2c0000, 0x0000000600000000)
  object space 21248K, 26% used [0x00000005fae00000,0x00000005fb388788,0x00000005fc2c0000)
GC Heap History (10 events):
Event: 12.348 GC heap before
{Heap before GC invocations=9 (full 1):
 PSYoungGen      total 290496K, used 290477K [0x0000000755560000, 0x0000000772f90000, 0x0000000800000000)
  eden space 231040K, 100% used [0x0000000755560000,0x0000000763700000,0x0000000763700000)
  from space 59456K, 99% used [0x0000000763700000,0x000000076710b4f0,0x0000000767110000)
  to   space 80192K, 0% used [0x000000076e140000,0x000000076e140000,0x0000000772f90000)
 ParOldGen       total 150976K, used 90098K [0x0000000600000000, 0x0000000609370000, 0x0000000755560000)
  object space 150976K, 59% used [0x0000000600000000,0x00000006057fc960,0x0000000609370000)
 PSPermGen       total 21248K, used 5609K [0x00000005fae00000, 0x00000005fc2c0000, 0x0000000600000000)
  object space 21248K, 26% used [0x00000005fae00000,0x00000005fb37a4b0,0x00000005fc2c0000)
Event: 12.468 GC heap after
Heap after GC invocations=9 (full 1):
 PSYoungGen      total 371328K, used 80184K [0x0000000755560000, 0x000000077a530000, 0x0000000800000000)
  eden space 291136K, 0% used [0x0000000755560000,0x0000000755560000,0x00000007671b0000)
  from space 80192K, 99% used [0x000000076e140000,0x0000000772f8e108,0x0000000772f90000)
  to   space 114240K, 0% used [0x00000007671b0000,0x00000007671b0000,0x000000076e140000)
 ParOldGen       total 150976K, used 133459K [0x0000000600000000, 0x0000000609370000, 0x0000000755560000)
  object space 150976K, 88% used [0x0000000600000000,0x0000000608254cb8,0x0000000609370000)
 PSPermGen       total 21248K, used 5609K [0x00000005fae00000, 0x00000005fc2c0000, 0x0000000600000000)
  object space 21248K, 26% used [0x00000005fae00000,0x00000005fb37a4b0,0x00000005fc2c0000)
}
Event: 12.468 GC heap before
{Heap before GC invocations=10 (full 2):
 PSYoungGen      total 371328K, used 80184K [0x0000000755560000, 0x000000077a530000, 0x0000000800000000)
  eden space 291136K, 0% used [0x0000000755560000,0x0000000755560000,0x00000007671b0000)
  from space 80192K, 99% used [0x000000076e140000,0x0000000772f8e108,0x0000000772f90000)
  to   space 114240K, 0% used [0x00000007671b0000,0x00000007671b0000,0x000000076e140000)
 ParOldGen       total 150976K, used 133459K [0x0000000600000000, 0x0000000609370000, 0x0000000755560000)
  object space 150976K, 88% used [0x0000000600000000,0x0000000608254cb8,0x0000000609370000)
 PSPermGen       total 21248K, used 5609K [0x00000005fae00000, 0x00000005fc2c0000, 0x0000000600000000)
  object space 21248K, 26% used [0x00000005fae00000,0x00000005fb37a4b0,0x00000005fc2c0000)
Event: 12.878 GC heap after
Heap after GC invocations=10 (full 2):
 PSYoungGen      total 371328K, used 0K [0x0000000755560000, 0x000000077a530000, 0x0000000800000000)
  eden space 291136K, 0% used [0x0000000755560000,0x0000000755560000,0x00000007671b0000)
  from space 80192K, 0% used [0x000000076e140000,0x000000076e140000,0x0000000772f90000)
  to   space 114240K, 0% used [0x00000007671b0000,0x00000007671b0000,0x000000076e140000)
 ParOldGen       total 150976K, used 116449K [0x0000000600000000, 0x0000000609370000, 0x0000000755560000)
  object space 150976K, 77% used [0x0000000600000000,0x00000006071b8728,0x0000000609370000)
 PSPermGen       total 21248K, used 5608K [0x00000005fae00000, 0x00000005fc2c0000, 0x0000000600000000)
  object space 21248K, 26% used [0x00000005fae00000,0x00000005fb37a3b0,0x00000005fc2c0000)
}
Event: 14.141 GC heap before
{Heap before GC invocations=11 (full 3):
 PSYoungGen      total 371328K, used 291136K [0x0000000755560000, 0x000000077a530000, 0x0000000800000000)
  eden space 291136K, 100% used [0x0000000755560000,0x00000007671b0000,0x00000007671b0000)
  from space 80192K, 0% used [0x000000076e140000,0x000000076e140000,0x0000000772f90000)
  to   space 114240K, 0% used [0x00000007671b0000,0x00000007671b0000,0x000000076e140000)
 ParOldGen       total 150976K, used 116449K [0x0000000600000000, 0x0000000609370000, 0x0000000755560000)
  object space 150976K, 77% used [0x0000000600000000,0x00000006071b8728,0x0000000609370000)
 PSPermGen       total 21248K, used 5614K [0x00000005fae00000, 0x00000005fc2c0000, 0x0000000600000000)
  object space 21248K, 26% used [0x00000005fae00000,0x00000005fb37b938,0x00000005fc2c0000)
Event: 15.057 GC heap after
Heap after GC invocations=11 (full 3):
 PSYoungGen      total 371328K, used 0K [0x0000000755560000, 0x000000077a530000, 0x0000000800000000)
  eden space 291136K, 0% used [0x0000000755560000,0x0000000755560000,0x00000007671b0000)
  from space 80192K, 0% used [0x000000076e140000,0x000000076e140000,0x0000000772f90000)
  to   space 114240K, 0% used [0x00000007671b0000,0x00000007671b0000,0x000000076e140000)
 ParOldGen       total 279424K, used 141207K [0x0000000600000000, 0x00000006110e0000, 0x0000000755560000)
  object space 279424K, 50% used [0x0000000600000000,0x00000006089e5e88,0x00000006110e0000)
 PSPermGen       total 21248K, used 5614K [0x00000005fae00000, 0x00000005fc2c0000, 0x0000000600000000)
  object space 21248K, 26% used [0x00000005fae00000,0x00000005fb37b918,0x00000005fc2c0000)
}
Event: 15.857 GC heap before
{Heap before GC invocations=12 (full 3):
 PSYoungGen      total 371328K, used 291136K [0x0000000755560000, 0x000000077a530000, 0x0000000800000000)
  eden space 291136K, 100% used [0x0000000755560000,0x00000007671b0000,0x00000007671b0000)
  from space 80192K, 0% used [0x000000076e140000,0x000000076e140000,0x0000000772f90000)
  to   space 114240K, 0% used [0x00000007671b0000,0x00000007671b0000,0x000000076e140000)
 ParOldGen       total 279424K, used 141207K [0x0000000600000000, 0x00000006110e0000, 0x0000000755560000)
  object space 279424K, 50% used [0x0000000600000000,0x00000006089e5e88,0x00000006110e0000)
 PSPermGen       total 21248K, used 5637K [0x00000005fae00000, 0x00000005fc2c0000, 0x0000000600000000)
  object space 21248K, 26% used [0x00000005fae00000,0x00000005fb381520,0x00000005fc2c0000)
Event: 15.934 GC heap after
Heap after GC invocations=12 (full 3):
 PSYoungGen      total 405376K, used 86754K [0x0000000755560000, 0x0000000779a70000, 0x0000000800000000)
  eden space 291136K, 0% used [0x0000000755560000,0x0000000755560000,0x00000007671b0000)
  from space 114240K, 75% used [0x00000007671b0000,0x000000076c668a58,0x000000076e140000)
  to   space 123968K, 0% used [0x0000000772160000,0x0000000772160000,0x0000000779a70000)
 ParOldGen       total 279424K, used 141207K [0x0000000600000000, 0x00000006110e0000, 0x0000000755560000)
  object space 279424K, 50% used [0x0000000600000000,0x00000006089e5e88,0x00000006110e0000)
 PSPermGen       total 21248K, used 5637K [0x00000005fae00000, 0x00000005fc2c0000, 0x0000000600000000)
  object space 21248K, 26% used [0x00000005fae00000,0x00000005fb381520,0x00000005fc2c0000)
}
Event: 18.822 GC heap before
{Heap before GC invocations=13 (full 3):
 PSYoungGen      total 405376K, used 377890K [0x0000000755560000, 0x0000000779a70000, 0x0000000800000000)
  eden space 291136K, 100% used [0x0000000755560000,0x00000007671b0000,0x00000007671b0000)
  from space 114240K, 75% used [0x00000007671b0000,0x000000076c668a58,0x000000076e140000)
  to   space 123968K, 0% used [0x0000000772160000,0x0000000772160000,0x0000000779a70000)
 ParOldGen       total 279424K, used 141207K [0x0000000600000000, 0x00000006110e0000, 0x0000000755560000)
  object space 279424K, 50% used [0x0000000600000000,0x00000006089e5e88,0x00000006110e0000)
 PSPermGen       total 21248K, used 5657K [0x00000005fae00000, 0x00000005fc2c0000, 0x0000000600000000)
  object space 21248K, 26% used [0x00000005fae00000,0x00000005fb386520,0x00000005fc2c0000)
Event: 19.018 GC heap after
Heap after GC invocations=13 (full 3):
 PSYoungGen      total 466240K, used 81622K [0x0000000755560000, 0x0000000779fb0000, 0x0000000800000000)
  eden space 342272K, 0% used [0x0000000755560000,0x0000000755560000,0x000000076a3a0000)
  from space 123968K, 65% used [0x0000000772160000,0x0000000777115a68,0x0000000779a70000)
  to   space 128768K, 0% used [0x000000076a3a0000,0x000000076a3a0000,0x0000000772160000)
 ParOldGen       total 279424K, used 141207K [0x0000000600000000, 0x00000006110e0000, 0x0000000755560000)
  object space 279424K, 50% used [0x0000000600000000,0x00000006089e5e88,0x00000006110e0000)
 PSPermGen       total 21248K, used 5657K [0x00000005fae00000, 0x00000005fc2c0000, 0x0000000600000000)
  object space 21248K, 26% used [0x00000005fae00000,0x00000005fb386520,0x00000005fc2c0000)
}

