# JRE version: 7.0_11-b21
# Java VM: Java HotSpot(TM) 64-Bit Server VM (23.6-b04 mixed mode windows-amd64 compressed oops)
Heap
 PSYoungGen      total 80000K, used 27115K [0x0000000755560000, 0x000000075f1a0000, 0x0000000800000000)
  eden space 64768K, 20% used [0x0000000755560000,0x000000075621c8d8,0x00000007594a0000)
  from space 15232K, 92% used [0x000000075e2c0000,0x000000075f07e4f8,0x000000075f1a0000)
  to   space 5376K, 0% used [0x00000007594a0000,0x00000007594a0000,0x00000007599e0000)
 ParOldGen       total 86272K, used 25464K [0x0000000600000000, 0x0000000605440000, 0x0000000755560000)
  object space 86272K, 29% used [0x0000000600000000,0x00000006018de150,0x0000000605440000)
 PSPermGen       total 21248K, used 6019K [0x00000005fae00000, 0x00000005fc2c0000, 0x0000000600000000)
  object space 21248K, 28% used [0x00000005fae00000,0x00000005fb3e0d50,0x00000005fc2c0000)
GC Heap History (10 events):
Event: 2.187 GC heap before
{Heap before GC invocations=2 (full 0):
 PSYoungGen      total 37760K, used 37756K [0x0000000755560000, 0x0000000757f80000, 0x0000000800000000)
  eden space 32384K, 100% used [0x0000000755560000,0x0000000757500000,0x0000000757500000)
  from space 5376K, 99% used [0x0000000757500000,0x0000000757a3f228,0x0000000757a40000)
  to   space 5376K, 0% used [0x0000000757a40000,0x0000000757a40000,0x0000000757f80000)
 ParOldGen       total 86272K, used 1263K [0x0000000600000000, 0x0000000605440000, 0x0000000755560000)
  object space 86272K, 1% used [0x0000000600000000,0x000000060013bf68,0x0000000605440000)
 PSPermGen       total 21248K, used 5924K [0x00000005fae00000, 0x00000005fc2c0000, 0x0000000600000000)
  object space 21248K, 27% used [0x00000005fae00000,0x00000005fb3c92c0,0x00000005fc2c0000)
Event: 2.297 GC heap after
Heap after GC invocations=2 (full 0):
 PSYoungGen      total 37760K, used 5352K [0x0000000755560000, 0x0000000759f20000, 0x0000000800000000)
  eden space 32384K, 0% used [0x0000000755560000,0x0000000755560000,0x0000000757500000)
  from space 5376K, 99% used [0x0000000757a40000,0x0000000757f7a048,0x0000000757f80000)
  to   space 5376K, 0% used [0x0000000757500000,0x0000000757500000,0x0000000757a40000)
 ParOldGen       total 86272K, used 6415K [0x0000000600000000, 0x0000000605440000, 0x0000000755560000)
  object space 86272K, 7% used [0x0000000600000000,0x0000000600643d70,0x0000000605440000)
 PSPermGen       total 21248K, used 5924K [0x00000005fae00000, 0x00000005fc2c0000, 0x0000000600000000)
  object space 21248K, 27% used [0x00000005fae00000,0x00000005fb3c92c0,0x00000005fc2c0000)
}
Event: 3.371 GC heap before
{Heap before GC invocations=3 (full 0):
 PSYoungGen      total 37760K, used 37736K [0x0000000755560000, 0x0000000759f20000, 0x0000000800000000)
  eden space 32384K, 100% used [0x0000000755560000,0x0000000757500000,0x0000000757500000)
  from space 5376K, 99% used [0x0000000757a40000,0x0000000757f7a048,0x0000000757f80000)
  to   space 5376K, 0% used [0x0000000757500000,0x0000000757500000,0x0000000757a40000)
 ParOldGen       total 86272K, used 6415K [0x0000000600000000, 0x0000000605440000, 0x0000000755560000)
  object space 86272K, 7% used [0x0000000600000000,0x0000000600643d70,0x0000000605440000)
 PSPermGen       total 21248K, used 5944K [0x00000005fae00000, 0x00000005fc2c0000, 0x0000000600000000)
  object space 21248K, 27% used [0x00000005fae00000,0x00000005fb3ce1b8,0x00000005fc2c0000)
Event: 3.520 GC heap after
Heap after GC invocations=3 (full 0):
 PSYoungGen      total 37760K, used 5352K [0x0000000755560000, 0x0000000759f20000, 0x0000000800000000)
  eden space 32384K, 0% used [0x0000000755560000,0x0000000755560000,0x0000000757500000)
  from space 5376K, 99% used [0x0000000757500000,0x0000000757a3a048,0x0000000757a40000)
  to   space 5376K, 0% used [0x00000007599e0000,0x00000007599e0000,0x0000000759f20000)
 ParOldGen       total 86272K, used 11793K [0x0000000600000000, 0x0000000605440000, 0x0000000755560000)
  object space 86272K, 13% used [0x0000000600000000,0x0000000600b845f0,0x0000000605440000)
 PSPermGen       total 21248K, used 5944K [0x00000005fae00000, 0x00000005fc2c0000, 0x0000000600000000)
  object space 21248K, 27% used [0x00000005fae00000,0x00000005fb3ce1b8,0x00000005fc2c0000)
}
Event: 4.620 GC heap before
{Heap before GC invocations=4 (full 0):
 PSYoungGen      total 37760K, used 37736K [0x0000000755560000, 0x0000000759f20000, 0x0000000800000000)
  eden space 32384K, 100% used [0x0000000755560000,0x0000000757500000,0x0000000757500000)
  from space 5376K, 99% used [0x0000000757500000,0x0000000757a3a048,0x0000000757a40000)
  to   space 5376K, 0% used [0x00000007599e0000,0x00000007599e0000,0x0000000759f20000)
 ParOldGen       total 86272K, used 11793K [0x0000000600000000, 0x0000000605440000, 0x0000000755560000)
  object space 86272K, 13% used [0x0000000600000000,0x0000000600b845f0,0x0000000605440000)
 PSPermGen       total 21248K, used 5960K [0x00000005fae00000, 0x00000005fc2c0000, 0x0000000600000000)
  object space 21248K, 28% used [0x00000005fae00000,0x00000005fb3d20f8,0x00000005fc2c0000)
Event: 4.785 GC heap after
Heap after GC invocations=4 (full 0):
 PSYoungGen      total 70144K, used 5368K [0x0000000755560000, 0x0000000759f20000, 0x0000000800000000)
  eden space 64768K, 0% used [0x0000000755560000,0x0000000755560000,0x00000007594a0000)
  from space 5376K, 99% used [0x00000007599e0000,0x0000000759f1e058,0x0000000759f20000)
  to   space 5376K, 0% used [0x00000007594a0000,0x00000007594a0000,0x00000007599e0000)
 ParOldGen       total 86272K, used 16099K [0x0000000600000000, 0x0000000605440000, 0x0000000755560000)
  object space 86272K, 18% used [0x0000000600000000,0x0000000600fb8c60,0x0000000605440000)
 PSPermGen       total 21248K, used 5960K [0x00000005fae00000, 0x00000005fc2c0000, 0x0000000600000000)
  object space 21248K, 28% used [0x00000005fae00000,0x00000005fb3d20f8,0x00000005fc2c0000)
}
Event: 5.910 GC heap before
{Heap before GC invocations=5 (full 0):
 PSYoungGen      total 70144K, used 70136K [0x0000000755560000, 0x0000000759f20000, 0x0000000800000000)
  eden space 64768K, 100% used [0x0000000755560000,0x00000007594a0000,0x00000007594a0000)
  from space 5376K, 99% used [0x00000007599e0000,0x0000000759f1e058,0x0000000759f20000)
  to   space 5376K, 0% used [0x00000007594a0000,0x00000007594a0000,0x00000007599e0000)
 ParOldGen       total 86272K, used 16099K [0x0000000600000000, 0x0000000605440000, 0x0000000755560000)
  object space 86272K, 18% used [0x0000000600000000,0x0000000600fb8c60,0x0000000605440000)
 PSPermGen       total 21248K, used 5995K [0x00000005fae00000, 0x00000005fc2c0000, 0x0000000600000000)
  object space 21248K, 28% used [0x00000005fae00000,0x00000005fb3dac70,0x00000005fc2c0000)
Event: 5.935 GC heap after
Heap after GC invocations=5 (full 0):
 PSYoungGen      total 70144K, used 5368K [0x0000000755560000, 0x000000075f1a0000, 0x0000000800000000)
  eden space 64768K, 0% used [0x0000000755560000,0x0000000755560000,0x00000007594a0000)
  from space 5376K, 99% used [0x00000007594a0000,0x00000007599de038,0x00000007599e0000)
  to   space 15232K, 0% used [0x000000075e2c0000,0x000000075e2c0000,0x000000075f1a0000)
 ParOldGen       total 86272K, used 25464K [0x0000000600000000, 0x0000000605440000, 0x0000000755560000)
  object space 86272K, 29% used [0x0000000600000000,0x00000006018de150,0x0000000605440000)
 PSPermGen       total 21248K, used 5995K [0x00000005fae00000, 0x00000005fc2c0000, 0x0000000600000000)
  object space 21248K, 28% used [0x00000005fae00000,0x00000005fb3dac70,0x00000005fc2c0000)
}
Event: 6.366 GC heap before
{Heap before GC invocations=6 (full 0):
 PSYoungGen      total 70144K, used 70136K [0x0000000755560000, 0x000000075f1a0000, 0x0000000800000000)
  eden space 64768K, 100% used [0x0000000755560000,0x00000007594a0000,0x00000007594a0000)
  from space 5376K, 99% used [0x00000007594a0000,0x00000007599de038,0x00000007599e0000)
  to   space 15232K, 0% used [0x000000075e2c0000,0x000000075e2c0000,0x000000075f1a0000)
 ParOldGen       total 86272K, used 25464K [0x0000000600000000, 0x0000000605440000, 0x0000000755560000)
  object space 86272K, 29% used [0x0000000600000000,0x00000006018de150,0x0000000605440000)
 PSPermGen       total 21248K, used 6016K [0x00000005fae00000, 0x00000005fc2c0000, 0x0000000600000000)
  object space 21248K, 28% used [0x00000005fae00000,0x00000005fb3e03f0,0x00000005fc2c0000)
Event: 6.403 GC heap after
Heap after GC invocations=6 (full 0):
 PSYoungGen      total 80000K, used 14073K [0x0000000755560000, 0x000000075f1a0000, 0x0000000800000000)
  eden space 64768K, 0% used [0x0000000755560000,0x0000000755560000,0x00000007594a0000)
  from space 15232K, 92% used [0x000000075e2c0000,0x000000075f07e4f8,0x000000075f1a0000)
  to   space 5376K, 0% used [0x00000007594a0000,0x00000007594a0000,0x00000007599e0000)
 ParOldGen       total 86272K, used 25464K [0x0000000600000000, 0x0000000605440000, 0x0000000755560000)
  object space 86272K, 29% used [0x0000000600000000,0x00000006018de150,0x0000000605440000)
 PSPermGen       total 21248K, used 6016K [0x00000005fae00000, 0x00000005fc2c0000, 0x0000000600000000)
  object space 21248K, 28% used [0x00000005fae00000,0x00000005fb3e03f0,0x00000005fc2c0000)
}

