# JRE version: 7.0_11-b21
# Java VM: Java HotSpot(TM) 64-Bit Server VM (23.6-b04 mixed mode windows-amd64 compressed oops)
Heap
 PSYoungGen      total 332096K, used 116689K [0x0000000755560000, 0x000000076fe00000, 0x0000000800000000)
  eden space 272064K, 42% used [0x0000000755560000,0x000000075c7547d0,0x0000000765f10000)
  from space 60032K, 0% used [0x000000076a940000,0x000000076a940000,0x000000076e3e0000)
  to   space 75968K, 0% used [0x0000000765f10000,0x0000000765f10000,0x000000076a940000)
 ParOldGen       total 212992K, used 98822K [0x0000000600000000, 0x000000060d000000, 0x0000000755560000)
  object space 212992K, 46% used [0x0000000600000000,0x0000000606081aa0,0x000000060d000000)
 PSPermGen       total 21248K, used 5634K [0x00000005fae00000, 0x00000005fc2c0000, 0x0000000600000000)
  object space 21248K, 26% used [0x00000005fae00000,0x00000005fb380b50,0x00000005fc2c0000)
GC Heap History (10 events):
Event: 7.062 GC heap before
{Heap before GC invocations=6 (full 1):
 PSYoungGen      total 134912K, used 129536K [0x0000000755560000, 0x000000075de60000, 0x0000000800000000)
  eden space 129536K, 100% used [0x0000000755560000,0x000000075d3e0000,0x000000075d3e0000)
  from space 5376K, 0% used [0x000000075d920000,0x000000075d920000,0x000000075de60000)
  to   space 5376K, 0% used [0x000000075d3e0000,0x000000075d3e0000,0x000000075d920000)
 ParOldGen       total 119232K, used 34588K [0x0000000600000000, 0x0000000607470000, 0x0000000755560000)
  object space 119232K, 29% used [0x0000000600000000,0x00000006021c70d0,0x0000000607470000)
 PSPermGen       total 21248K, used 5595K [0x00000005fae00000, 0x00000005fc2c0000, 0x0000000600000000)
  object space 21248K, 26% used [0x00000005fae00000,0x00000005fb376e40,0x00000005fc2c0000)
Event: 7.163 GC heap after
Heap after GC invocations=6 (full 1):
 PSYoungGen      total 134912K, used 5374K [0x0000000755560000, 0x0000000767060000, 0x0000000800000000)
  eden space 129536K, 0% used [0x0000000755560000,0x0000000755560000,0x000000075d3e0000)
  from space 5376K, 99% used [0x000000075d3e0000,0x000000075d91f800,0x000000075d920000)
  to   space 49408K, 0% used [0x0000000764020000,0x0000000764020000,0x0000000767060000)
 ParOldGen       total 119232K, used 68325K [0x0000000600000000, 0x0000000607470000, 0x0000000755560000)
  object space 119232K, 57% used [0x0000000600000000,0x00000006042b96b0,0x0000000607470000)
 PSPermGen       total 21248K, used 5595K [0x00000005fae00000, 0x00000005fc2c0000, 0x0000000600000000)
  object space 21248K, 26% used [0x00000005fae00000,0x00000005fb376e40,0x00000005fc2c0000)
}
Event: 7.726 GC heap before
{Heap before GC invocations=7 (full 1):
 PSYoungGen      total 134912K, used 134910K [0x0000000755560000, 0x0000000767060000, 0x0000000800000000)
  eden space 129536K, 100% used [0x0000000755560000,0x000000075d3e0000,0x000000075d3e0000)
  from space 5376K, 99% used [0x000000075d3e0000,0x000000075d91f800,0x000000075d920000)
  to   space 49408K, 0% used [0x0000000764020000,0x0000000764020000,0x0000000767060000)
 ParOldGen       total 119232K, used 68325K [0x0000000600000000, 0x0000000607470000, 0x0000000755560000)
  object space 119232K, 57% used [0x0000000600000000,0x00000006042b96b0,0x0000000607470000)
 PSPermGen       total 21248K, used 5605K [0x00000005fae00000, 0x00000005fc2c0000, 0x0000000600000000)
  object space 21248K, 26% used [0x00000005fae00000,0x00000005fb379660,0x00000005fc2c0000)
Event: 7.754 GC heap after
Heap after GC invocations=7 (full 1):
 PSYoungGen      total 229760K, used 27996K [0x0000000755560000, 0x0000000766960000, 0x0000000800000000)
  eden space 187520K, 0% used [0x0000000755560000,0x0000000755560000,0x0000000760c80000)
  from space 42240K, 66% used [0x0000000764020000,0x0000000765b77048,0x0000000766960000)
  to   space 47552K, 0% used [0x0000000760c80000,0x0000000760c80000,0x0000000763af0000)
 ParOldGen       total 119232K, used 68325K [0x0000000600000000, 0x0000000607470000, 0x0000000755560000)
  object space 119232K, 57% used [0x0000000600000000,0x00000006042b96b0,0x0000000607470000)
 PSPermGen       total 21248K, used 5605K [0x00000005fae00000, 0x00000005fc2c0000, 0x0000000600000000)
  object space 21248K, 26% used [0x00000005fae00000,0x00000005fb379660,0x00000005fc2c0000)
}
Event: 9.274 GC heap before
{Heap before GC invocations=8 (full 1):
 PSYoungGen      total 229760K, used 215516K [0x0000000755560000, 0x0000000766960000, 0x0000000800000000)
  eden space 187520K, 100% used [0x0000000755560000,0x0000000760c80000,0x0000000760c80000)
  from space 42240K, 66% used [0x0000000764020000,0x0000000765b77048,0x0000000766960000)
  to   space 47552K, 0% used [0x0000000760c80000,0x0000000760c80000,0x0000000763af0000)
 ParOldGen       total 119232K, used 68325K [0x0000000600000000, 0x0000000607470000, 0x0000000755560000)
  object space 119232K, 57% used [0x0000000600000000,0x00000006042b96b0,0x0000000607470000)
 PSPermGen       total 21248K, used 5620K [0x00000005fae00000, 0x00000005fc2c0000, 0x0000000600000000)
  object space 21248K, 26% used [0x00000005fae00000,0x00000005fb37d0e8,0x00000005fc2c0000)
Event: 9.639 GC heap after
Heap after GC invocations=8 (full 1):
 PSYoungGen      total 235072K, used 47546K [0x0000000755560000, 0x000000076e3e0000, 0x0000000800000000)
  eden space 187520K, 0% used [0x0000000755560000,0x0000000755560000,0x0000000760c80000)
  from space 47552K, 99% used [0x0000000760c80000,0x0000000763aeea50,0x0000000763af0000)
  to   space 60032K, 0% used [0x000000076a940000,0x000000076a940000,0x000000076e3e0000)
 ParOldGen       total 119232K, used 76734K [0x0000000600000000, 0x0000000607470000, 0x0000000755560000)
  object space 119232K, 64% used [0x0000000600000000,0x0000000604aef8a8,0x0000000607470000)
 PSPermGen       total 21248K, used 5620K [0x00000005fae00000, 0x00000005fc2c0000, 0x0000000600000000)
  object space 21248K, 26% used [0x00000005fae00000,0x00000005fb37d0e8,0x00000005fc2c0000)
}
Event: 14.444 GC heap before
{Heap before GC invocations=9 (full 1):
 PSYoungGen      total 235072K, used 235066K [0x0000000755560000, 0x000000076e3e0000, 0x0000000800000000)
  eden space 187520K, 100% used [0x0000000755560000,0x0000000760c80000,0x0000000760c80000)
  from space 47552K, 99% used [0x0000000760c80000,0x0000000763aeea50,0x0000000763af0000)
  to   space 60032K, 0% used [0x000000076a940000,0x000000076a940000,0x000000076e3e0000)
 ParOldGen       total 119232K, used 76734K [0x0000000600000000, 0x0000000607470000, 0x0000000755560000)
  object space 119232K, 64% used [0x0000000600000000,0x0000000604aef8a8,0x0000000607470000)
 PSPermGen       total 21248K, used 5629K [0x00000005fae00000, 0x00000005fc2c0000, 0x0000000600000000)
  object space 21248K, 26% used [0x00000005fae00000,0x00000005fb37f7e8,0x00000005fc2c0000)
Event: 14.749 GC heap after
Heap after GC invocations=9 (full 1):
 PSYoungGen      total 332096K, used 60028K [0x0000000755560000, 0x000000076fe00000, 0x0000000800000000)
  eden space 272064K, 0% used [0x0000000755560000,0x0000000755560000,0x0000000765f10000)
  from space 60032K, 99% used [0x000000076a940000,0x000000076e3df310,0x000000076e3e0000)
  to   space 75968K, 0% used [0x0000000765f10000,0x0000000765f10000,0x000000076a940000)
 ParOldGen       total 119232K, used 90711K [0x0000000600000000, 0x0000000607470000, 0x0000000755560000)
  object space 119232K, 76% used [0x0000000600000000,0x0000000605895c90,0x0000000607470000)
 PSPermGen       total 21248K, used 5629K [0x00000005fae00000, 0x00000005fc2c0000, 0x0000000600000000)
  object space 21248K, 26% used [0x00000005fae00000,0x00000005fb37f7e8,0x00000005fc2c0000)
}
Event: 14.749 GC heap before
{Heap before GC invocations=10 (full 2):
 PSYoungGen      total 332096K, used 60028K [0x0000000755560000, 0x000000076fe00000, 0x0000000800000000)
  eden space 272064K, 0% used [0x0000000755560000,0x0000000755560000,0x0000000765f10000)
  from space 60032K, 99% used [0x000000076a940000,0x000000076e3df310,0x000000076e3e0000)
  to   space 75968K, 0% used [0x0000000765f10000,0x0000000765f10000,0x000000076a940000)
 ParOldGen       total 119232K, used 90711K [0x0000000600000000, 0x0000000607470000, 0x0000000755560000)
  object space 119232K, 76% used [0x0000000600000000,0x0000000605895c90,0x0000000607470000)
 PSPermGen       total 21248K, used 5629K [0x00000005fae00000, 0x00000005fc2c0000, 0x0000000600000000)
  object space 21248K, 26% used [0x00000005fae00000,0x00000005fb37f7e8,0x00000005fc2c0000)
Event: 16.328 GC heap after
Heap after GC invocations=10 (full 2):
 PSYoungGen      total 332096K, used 0K [0x0000000755560000, 0x000000076fe00000, 0x0000000800000000)
  eden space 272064K, 0% used [0x0000000755560000,0x0000000755560000,0x0000000765f10000)
  from space 60032K, 0% used [0x000000076a940000,0x000000076a940000,0x000000076e3e0000)
  to   space 75968K, 0% used [0x0000000765f10000,0x0000000765f10000,0x000000076a940000)
 ParOldGen       total 212992K, used 98822K [0x0000000600000000, 0x000000060d000000, 0x0000000755560000)
  object space 212992K, 46% used [0x0000000600000000,0x0000000606081aa0,0x000000060d000000)
 PSPermGen       total 21248K, used 5629K [0x00000005fae00000, 0x00000005fc2c0000, 0x0000000600000000)
  object space 21248K, 26% used [0x00000005fae00000,0x00000005fb37f468,0x00000005fc2c0000)
}

