# JRE version: 7.0_11-b21
# Java VM: Java HotSpot(TM) 64-Bit Server VM (23.6-b04 mixed mode windows-amd64 compressed oops)
Heap
 PSYoungGen      total 134912K, used 50476K [0x0000000755560000, 0x000000075de60000, 0x0000000800000000)
  eden space 129536K, 34% used [0x0000000755560000,0x00000007581711a8,0x000000075d3e0000)
  from space 5376K, 99% used [0x000000075d3e0000,0x000000075d91a0b0,0x000000075d920000)
  to   space 5376K, 0% used [0x000000075d920000,0x000000075d920000,0x000000075de60000)
 ParOldGen       total 86272K, used 53439K [0x0000000600000000, 0x0000000605440000, 0x0000000755560000)
  object space 86272K, 61% used [0x0000000600000000,0x000000060342fc30,0x0000000605440000)
 PSPermGen       total 21248K, used 5703K [0x00000005fae00000, 0x00000005fc2c0000, 0x0000000600000000)
  object space 21248K, 26% used [0x00000005fae00000,0x00000005fb391c00,0x00000005fc2c0000)
GC Heap History (10 events):
Event: 3.407 GC heap before
{Heap before GC invocations=1 (full 0):
 PSYoungGen      total 37760K, used 32384K [0x0000000755560000, 0x0000000757f80000, 0x0000000800000000)
  eden space 32384K, 100% used [0x0000000755560000,0x0000000757500000,0x0000000757500000)
  from space 5376K, 0% used [0x0000000757a40000,0x0000000757a40000,0x0000000757f80000)
  to   space 5376K, 0% used [0x0000000757500000,0x0000000757500000,0x0000000757a40000)
 ParOldGen       total 86272K, used 0K [0x0000000600000000, 0x0000000605440000, 0x0000000755560000)
  object space 86272K, 0% used [0x0000000600000000,0x0000000600000000,0x0000000605440000)
 PSPermGen       total 21248K, used 5434K [0x00000005fae00000, 0x00000005fc2c0000, 0x0000000600000000)
  object space 21248K, 25% used [0x00000005fae00000,0x00000005fb34ea70,0x00000005fc2c0000)
Event: 4.362 GC heap after
Heap after GC invocations=1 (full 0):
 PSYoungGen      total 37760K, used 5368K [0x0000000755560000, 0x0000000759f20000, 0x0000000800000000)
  eden space 32384K, 0% used [0x0000000755560000,0x0000000755560000,0x0000000757500000)
  from space 5376K, 99% used [0x0000000757500000,0x0000000757a3e058,0x0000000757a40000)
  to   space 5376K, 0% used [0x00000007599e0000,0x00000007599e0000,0x0000000759f20000)
 ParOldGen       total 86272K, used 2196K [0x0000000600000000, 0x0000000605440000, 0x0000000755560000)
  object space 86272K, 2% used [0x0000000600000000,0x0000000600225018,0x0000000605440000)
 PSPermGen       total 21248K, used 5434K [0x00000005fae00000, 0x00000005fc2c0000, 0x0000000600000000)
  object space 21248K, 25% used [0x00000005fae00000,0x00000005fb34ea70,0x00000005fc2c0000)
}
Event: 5.008 GC heap before
{Heap before GC invocations=2 (full 0):
 PSYoungGen      total 37760K, used 37752K [0x0000000755560000, 0x0000000759f20000, 0x0000000800000000)
  eden space 32384K, 100% used [0x0000000755560000,0x0000000757500000,0x0000000757500000)
  from space 5376K, 99% used [0x0000000757500000,0x0000000757a3e058,0x0000000757a40000)
  to   space 5376K, 0% used [0x00000007599e0000,0x00000007599e0000,0x0000000759f20000)
 ParOldGen       total 86272K, used 2196K [0x0000000600000000, 0x0000000605440000, 0x0000000755560000)
  object space 86272K, 2% used [0x0000000600000000,0x0000000600225018,0x0000000605440000)
 PSPermGen       total 21248K, used 5503K [0x00000005fae00000, 0x00000005fc2c0000, 0x0000000600000000)
  object space 21248K, 25% used [0x00000005fae00000,0x00000005fb35fd30,0x00000005fc2c0000)
Event: 5.367 GC heap after
Heap after GC invocations=2 (full 0):
 PSYoungGen      total 70144K, used 5352K [0x0000000755560000, 0x0000000759f20000, 0x0000000800000000)
  eden space 64768K, 0% used [0x0000000755560000,0x0000000755560000,0x00000007594a0000)
  from space 5376K, 99% used [0x00000007599e0000,0x0000000759f1a2c8,0x0000000759f20000)
  to   space 5376K, 0% used [0x00000007594a0000,0x00000007594a0000,0x00000007599e0000)
 ParOldGen       total 86272K, used 6275K [0x0000000600000000, 0x0000000605440000, 0x0000000755560000)
  object space 86272K, 7% used [0x0000000600000000,0x0000000600620cf0,0x0000000605440000)
 PSPermGen       total 21248K, used 5503K [0x00000005fae00000, 0x00000005fc2c0000, 0x0000000600000000)
  object space 21248K, 25% used [0x00000005fae00000,0x00000005fb35fd30,0x00000005fc2c0000)
}
Event: 7.725 GC heap before
{Heap before GC invocations=3 (full 0):
 PSYoungGen      total 70144K, used 70120K [0x0000000755560000, 0x0000000759f20000, 0x0000000800000000)
  eden space 64768K, 100% used [0x0000000755560000,0x00000007594a0000,0x00000007594a0000)
  from space 5376K, 99% used [0x00000007599e0000,0x0000000759f1a2c8,0x0000000759f20000)
  to   space 5376K, 0% used [0x00000007594a0000,0x00000007594a0000,0x00000007599e0000)
 ParOldGen       total 86272K, used 6275K [0x0000000600000000, 0x0000000605440000, 0x0000000755560000)
  object space 86272K, 7% used [0x0000000600000000,0x0000000600620cf0,0x0000000605440000)
 PSPermGen       total 21248K, used 5539K [0x00000005fae00000, 0x00000005fc2c0000, 0x0000000600000000)
  object space 21248K, 26% used [0x00000005fae00000,0x00000005fb368ce8,0x00000005fc2c0000)
Event: 9.351 GC heap after
Heap after GC invocations=3 (full 0):
 PSYoungGen      total 70144K, used 5350K [0x0000000755560000, 0x000000075de60000, 0x0000000800000000)
  eden space 64768K, 0% used [0x0000000755560000,0x0000000755560000,0x00000007594a0000)
  from space 5376K, 99% used [0x00000007594a0000,0x00000007599d98c8,0x00000007599e0000)
  to   space 5376K, 0% used [0x000000075d920000,0x000000075d920000,0x000000075de60000)
 ParOldGen       total 86272K, used 16047K [0x0000000600000000, 0x0000000605440000, 0x0000000755560000)
  object space 86272K, 18% used [0x0000000600000000,0x0000000600fabe30,0x0000000605440000)
 PSPermGen       total 21248K, used 5539K [0x00000005fae00000, 0x00000005fc2c0000, 0x0000000600000000)
  object space 21248K, 26% used [0x00000005fae00000,0x00000005fb368ce8,0x00000005fc2c0000)
}
Event: 11.702 GC heap before
{Heap before GC invocations=4 (full 0):
 PSYoungGen      total 70144K, used 70118K [0x0000000755560000, 0x000000075de60000, 0x0000000800000000)
  eden space 64768K, 100% used [0x0000000755560000,0x00000007594a0000,0x00000007594a0000)
  from space 5376K, 99% used [0x00000007594a0000,0x00000007599d98c8,0x00000007599e0000)
  to   space 5376K, 0% used [0x000000075d920000,0x000000075d920000,0x000000075de60000)
 ParOldGen       total 86272K, used 16047K [0x0000000600000000, 0x0000000605440000, 0x0000000755560000)
  object space 86272K, 18% used [0x0000000600000000,0x0000000600fabe30,0x0000000605440000)
 PSPermGen       total 21248K, used 5569K [0x00000005fae00000, 0x00000005fc2c0000, 0x0000000600000000)
  object space 21248K, 26% used [0x00000005fae00000,0x00000005fb370690,0x00000005fc2c0000)
Event: 11.775 GC heap after
Heap after GC invocations=4 (full 0):
 PSYoungGen      total 134912K, used 5374K [0x0000000755560000, 0x000000075de60000, 0x0000000800000000)
  eden space 129536K, 0% used [0x0000000755560000,0x0000000755560000,0x000000075d3e0000)
  from space 5376K, 99% used [0x000000075d920000,0x000000075de5f8f0,0x000000075de60000)
  to   space 5376K, 0% used [0x000000075d3e0000,0x000000075d3e0000,0x000000075d920000)
 ParOldGen       total 86272K, used 28450K [0x0000000600000000, 0x0000000605440000, 0x0000000755560000)
  object space 86272K, 32% used [0x0000000600000000,0x0000000601bc8ae0,0x0000000605440000)
 PSPermGen       total 21248K, used 5569K [0x00000005fae00000, 0x00000005fc2c0000, 0x0000000600000000)
  object space 21248K, 26% used [0x00000005fae00000,0x00000005fb370690,0x00000005fc2c0000)
}
Event: 14.608 GC heap before
{Heap before GC invocations=5 (full 0):
 PSYoungGen      total 134912K, used 134910K [0x0000000755560000, 0x000000075de60000, 0x0000000800000000)
  eden space 129536K, 100% used [0x0000000755560000,0x000000075d3e0000,0x000000075d3e0000)
  from space 5376K, 99% used [0x000000075d920000,0x000000075de5f8f0,0x000000075de60000)
  to   space 5376K, 0% used [0x000000075d3e0000,0x000000075d3e0000,0x000000075d920000)
 ParOldGen       total 86272K, used 28450K [0x0000000600000000, 0x0000000605440000, 0x0000000755560000)
  object space 86272K, 32% used [0x0000000600000000,0x0000000601bc8ae0,0x0000000605440000)
 PSPermGen       total 21248K, used 5632K [0x00000005fae00000, 0x00000005fc2c0000, 0x0000000600000000)
  object space 21248K, 26% used [0x00000005fae00000,0x00000005fb3803f8,0x00000005fc2c0000)
Event: 14.933 GC heap after
Heap after GC invocations=5 (full 0):
 PSYoungGen      total 134912K, used 5352K [0x0000000755560000, 0x000000075de60000, 0x0000000800000000)
  eden space 129536K, 0% used [0x0000000755560000,0x0000000755560000,0x000000075d3e0000)
  from space 5376K, 99% used [0x000000075d3e0000,0x000000075d91a0b0,0x000000075d920000)
  to   space 5376K, 0% used [0x000000075d920000,0x000000075d920000,0x000000075de60000)
 ParOldGen       total 86272K, used 53439K [0x0000000600000000, 0x0000000605440000, 0x0000000755560000)
  object space 86272K, 61% used [0x0000000600000000,0x000000060342fc30,0x0000000605440000)
 PSPermGen       total 21248K, used 5632K [0x00000005fae00000, 0x00000005fc2c0000, 0x0000000600000000)
  object space 21248K, 26% used [0x00000005fae00000,0x00000005fb3803f8,0x00000005fc2c0000)
}

