# JRE version: 7.0_11-b21
# Java VM: Java HotSpot(TM) 64-Bit Server VM (23.6-b04 mixed mode windows-amd64 compressed oops)
Heap
 PSYoungGen      total 70144K, used 14240K [0x0000000755560000, 0x0000000759f20000, 0x0000000800000000)
  eden space 64768K, 13% used [0x0000000755560000,0x0000000755e08a10,0x00000007594a0000)
  from space 5376K, 99% used [0x00000007599e0000,0x0000000759f1f990,0x0000000759f20000)
  to   space 5376K, 0% used [0x00000007594a0000,0x00000007594a0000,0x00000007599e0000)
 ParOldGen       total 86272K, used 46546K [0x0000000600000000, 0x0000000605440000, 0x0000000755560000)
  object space 86272K, 53% used [0x0000000600000000,0x0000000602d74958,0x0000000605440000)
 PSPermGen       total 21248K, used 5554K [0x00000005fae00000, 0x00000005fc2c0000, 0x0000000600000000)
  object space 21248K, 26% used [0x00000005fae00000,0x00000005fb36c940,0x00000005fc2c0000)
GC Heap History (8 events):
Event: 3.229 GC heap before
{Heap before GC invocations=1 (full 0):
 PSYoungGen      total 37760K, used 32384K [0x0000000755560000, 0x0000000757f80000, 0x0000000800000000)
  eden space 32384K, 100% used [0x0000000755560000,0x0000000757500000,0x0000000757500000)
  from space 5376K, 0% used [0x0000000757a40000,0x0000000757a40000,0x0000000757f80000)
  to   space 5376K, 0% used [0x0000000757500000,0x0000000757500000,0x0000000757a40000)
 ParOldGen       total 86272K, used 0K [0x0000000600000000, 0x0000000605440000, 0x0000000755560000)
  object space 86272K, 0% used [0x0000000600000000,0x0000000600000000,0x0000000605440000)
 PSPermGen       total 21248K, used 5444K [0x00000005fae00000, 0x00000005fc2c0000, 0x0000000600000000)
  object space 21248K, 25% used [0x00000005fae00000,0x00000005fb351298,0x00000005fc2c0000)
Event: 3.280 GC heap after
Heap after GC invocations=1 (full 0):
 PSYoungGen      total 37760K, used 5352K [0x0000000755560000, 0x0000000759f20000, 0x0000000800000000)
  eden space 32384K, 0% used [0x0000000755560000,0x0000000755560000,0x0000000757500000)
  from space 5376K, 99% used [0x0000000757500000,0x0000000757a3a248,0x0000000757a40000)
  to   space 5376K, 0% used [0x00000007599e0000,0x00000007599e0000,0x0000000759f20000)
 ParOldGen       total 86272K, used 1213K [0x0000000600000000, 0x0000000605440000, 0x0000000755560000)
  object space 86272K, 1% used [0x0000000600000000,0x000000060012f7e8,0x0000000605440000)
 PSPermGen       total 21248K, used 5444K [0x00000005fae00000, 0x00000005fc2c0000, 0x0000000600000000)
  object space 21248K, 25% used [0x00000005fae00000,0x00000005fb351298,0x00000005fc2c0000)
}
Event: 5.978 GC heap before
{Heap before GC invocations=2 (full 0):
 PSYoungGen      total 37760K, used 37736K [0x0000000755560000, 0x0000000759f20000, 0x0000000800000000)
  eden space 32384K, 100% used [0x0000000755560000,0x0000000757500000,0x0000000757500000)
  from space 5376K, 99% used [0x0000000757500000,0x0000000757a3a248,0x0000000757a40000)
  to   space 5376K, 0% used [0x00000007599e0000,0x00000007599e0000,0x0000000759f20000)
 ParOldGen       total 86272K, used 1213K [0x0000000600000000, 0x0000000605440000, 0x0000000755560000)
  object space 86272K, 1% used [0x0000000600000000,0x000000060012f7e8,0x0000000605440000)
 PSPermGen       total 21248K, used 5493K [0x00000005fae00000, 0x00000005fc2c0000, 0x0000000600000000)
  object space 21248K, 25% used [0x00000005fae00000,0x00000005fb35d700,0x00000005fc2c0000)
Event: 6.138 GC heap after
Heap after GC invocations=2 (full 0):
 PSYoungGen      total 70144K, used 5356K [0x0000000755560000, 0x0000000759f20000, 0x0000000800000000)
  eden space 64768K, 0% used [0x0000000755560000,0x0000000755560000,0x00000007594a0000)
  from space 5376K, 99% used [0x00000007599e0000,0x0000000759f1b358,0x0000000759f20000)
  to   space 5376K, 0% used [0x00000007594a0000,0x00000007594a0000,0x00000007599e0000)
 ParOldGen       total 86272K, used 10451K [0x0000000600000000, 0x0000000605440000, 0x0000000755560000)
  object space 86272K, 12% used [0x0000000600000000,0x0000000600a34fd8,0x0000000605440000)
 PSPermGen       total 21248K, used 5493K [0x00000005fae00000, 0x00000005fc2c0000, 0x0000000600000000)
  object space 21248K, 25% used [0x00000005fae00000,0x00000005fb35d700,0x00000005fc2c0000)
}
Event: 6.586 GC heap before
{Heap before GC invocations=3 (full 0):
 PSYoungGen      total 70144K, used 70124K [0x0000000755560000, 0x0000000759f20000, 0x0000000800000000)
  eden space 64768K, 100% used [0x0000000755560000,0x00000007594a0000,0x00000007594a0000)
  from space 5376K, 99% used [0x00000007599e0000,0x0000000759f1b358,0x0000000759f20000)
  to   space 5376K, 0% used [0x00000007594a0000,0x00000007594a0000,0x00000007599e0000)
 ParOldGen       total 86272K, used 10451K [0x0000000600000000, 0x0000000605440000, 0x0000000755560000)
  object space 86272K, 12% used [0x0000000600000000,0x0000000600a34fd8,0x0000000605440000)
 PSPermGen       total 21248K, used 5546K [0x00000005fae00000, 0x00000005fc2c0000, 0x0000000600000000)
  object space 21248K, 26% used [0x00000005fae00000,0x00000005fb36a8a0,0x00000005fc2c0000)
Event: 6.615 GC heap after
Heap after GC invocations=3 (full 0):
 PSYoungGen      total 70144K, used 5349K [0x0000000755560000, 0x0000000759f20000, 0x0000000800000000)
  eden space 64768K, 0% used [0x0000000755560000,0x0000000755560000,0x00000007594a0000)
  from space 5376K, 99% used [0x00000007594a0000,0x00000007599d95e8,0x00000007599e0000)
  to   space 5376K, 0% used [0x00000007599e0000,0x00000007599e0000,0x0000000759f20000)
 ParOldGen       total 86272K, used 27806K [0x0000000600000000, 0x0000000605440000, 0x0000000755560000)
  object space 86272K, 32% used [0x0000000600000000,0x0000000601b27890,0x0000000605440000)
 PSPermGen       total 21248K, used 5546K [0x00000005fae00000, 0x00000005fc2c0000, 0x0000000600000000)
  object space 21248K, 26% used [0x00000005fae00000,0x00000005fb36a8a0,0x00000005fc2c0000)
}
Event: 7.092 GC heap before
{Heap before GC invocations=4 (full 0):
 PSYoungGen      total 70144K, used 70117K [0x0000000755560000, 0x0000000759f20000, 0x0000000800000000)
  eden space 64768K, 100% used [0x0000000755560000,0x00000007594a0000,0x00000007594a0000)
  from space 5376K, 99% used [0x00000007594a0000,0x00000007599d95e8,0x00000007599e0000)
  to   space 5376K, 0% used [0x00000007599e0000,0x00000007599e0000,0x0000000759f20000)
 ParOldGen       total 86272K, used 27806K [0x0000000600000000, 0x0000000605440000, 0x0000000755560000)
  object space 86272K, 32% used [0x0000000600000000,0x0000000601b27890,0x0000000605440000)
 PSPermGen       total 21248K, used 5552K [0x00000005fae00000, 0x00000005fc2c0000, 0x0000000600000000)
  object space 21248K, 26% used [0x00000005fae00000,0x00000005fb36c218,0x00000005fc2c0000)
Event: 7.116 GC heap after
Heap after GC invocations=4 (full 0):
 PSYoungGen      total 70144K, used 5374K [0x0000000755560000, 0x0000000759f20000, 0x0000000800000000)
  eden space 64768K, 0% used [0x0000000755560000,0x0000000755560000,0x00000007594a0000)
  from space 5376K, 99% used [0x00000007599e0000,0x0000000759f1f990,0x0000000759f20000)
  to   space 5376K, 0% used [0x00000007594a0000,0x00000007594a0000,0x00000007599e0000)
 ParOldGen       total 86272K, used 46546K [0x0000000600000000, 0x0000000605440000, 0x0000000755560000)
  object space 86272K, 53% used [0x0000000600000000,0x0000000602d74958,0x0000000605440000)
 PSPermGen       total 21248K, used 5552K [0x00000005fae00000, 0x00000005fc2c0000, 0x0000000600000000)
  object space 21248K, 26% used [0x00000005fae00000,0x00000005fb36c218,0x00000005fc2c0000)
}

