# JRE version: 7.0_11-b21
# Java VM: Java HotSpot(TM) 64-Bit Server VM (23.6-b04 mixed mode windows-amd64 compressed oops)
Heap
 PSYoungGen      total 574848K, used 224190K [0x0000000755560000, 0x00000007865b0000, 0x0000000800000000)
  eden space 449408K, 21% used [0x0000000755560000,0x000000075b5d6920,0x0000000770c40000)
  from space 125440K, 99% used [0x000000077a220000,0x0000000781c99098,0x0000000781ca0000)
  to   space 153472K, 0% used [0x0000000770c40000,0x0000000770c40000,0x000000077a220000)
 ParOldGen       total 239552K, used 155748K [0x0000000600000000, 0x000000060e9f0000, 0x0000000755560000)
  object space 239552K, 65% used [0x0000000600000000,0x0000000609819090,0x000000060e9f0000)
 PSPermGen       total 21248K, used 5969K [0x00000005fae00000, 0x00000005fc2c0000, 0x0000000600000000)
  object space 21248K, 28% used [0x00000005fae00000,0x00000005fb3d46b0,0x00000005fc2c0000)
GC Heap History (10 events):
Event: 13.259 GC heap before
{Heap before GC invocations=10 (full 1):
 PSYoungGen      total 385472K, used 385471K [0x0000000755560000, 0x0000000779130000, 0x0000000800000000)
  eden space 309760K, 100% used [0x0000000755560000,0x00000007683e0000,0x00000007683e0000)
  from space 75712K, 99% used [0x000000076ded0000,0x00000007728bfd78,0x00000007728c0000)
  to   space 93120K, 0% used [0x00000007683e0000,0x00000007683e0000,0x000000076ded0000)
 ParOldGen       total 146816K, used 102146K [0x0000000600000000, 0x0000000608f60000, 0x0000000755560000)
  object space 146816K, 69% used [0x0000000600000000,0x00000006063c08e8,0x0000000608f60000)
 PSPermGen       total 21248K, used 5636K [0x00000005fae00000, 0x00000005fc2c0000, 0x0000000600000000)
  object space 21248K, 26% used [0x00000005fae00000,0x00000005fb3812e8,0x00000005fc2c0000)
Event: 13.707 GC heap after
Heap after GC invocations=10 (full 1):
 PSYoungGen      total 402880K, used 91825K [0x0000000755560000, 0x000000077dcc0000, 0x0000000800000000)
  eden space 309760K, 0% used [0x0000000755560000,0x0000000755560000,0x00000007683e0000)
  from space 93120K, 98% used [0x00000007683e0000,0x000000076dd8c7a8,0x000000076ded0000)
  to   space 109120K, 0% used [0x0000000777230000,0x0000000777230000,0x000000077dcc0000)
 ParOldGen       total 146816K, used 119127K [0x0000000600000000, 0x0000000608f60000, 0x0000000755560000)
  object space 146816K, 81% used [0x0000000600000000,0x0000000607455d60,0x0000000608f60000)
 PSPermGen       total 21248K, used 5636K [0x00000005fae00000, 0x00000005fc2c0000, 0x0000000600000000)
  object space 21248K, 26% used [0x00000005fae00000,0x00000005fb3812e8,0x00000005fc2c0000)
}
Event: 13.707 GC heap before
{Heap before GC invocations=11 (full 2):
 PSYoungGen      total 402880K, used 91825K [0x0000000755560000, 0x000000077dcc0000, 0x0000000800000000)
  eden space 309760K, 0% used [0x0000000755560000,0x0000000755560000,0x00000007683e0000)
  from space 93120K, 98% used [0x00000007683e0000,0x000000076dd8c7a8,0x000000076ded0000)
  to   space 109120K, 0% used [0x0000000777230000,0x0000000777230000,0x000000077dcc0000)
 ParOldGen       total 146816K, used 119127K [0x0000000600000000, 0x0000000608f60000, 0x0000000755560000)
  object space 146816K, 81% used [0x0000000600000000,0x0000000607455d60,0x0000000608f60000)
 PSPermGen       total 21248K, used 5636K [0x00000005fae00000, 0x00000005fc2c0000, 0x0000000600000000)
  object space 21248K, 26% used [0x00000005fae00000,0x00000005fb3812e8,0x00000005fc2c0000)
Event: 15.850 GC heap after
Heap after GC invocations=11 (full 2):
 PSYoungGen      total 402880K, used 0K [0x0000000755560000, 0x000000077dcc0000, 0x0000000800000000)
  eden space 309760K, 0% used [0x0000000755560000,0x0000000755560000,0x00000007683e0000)
  from space 93120K, 0% used [0x00000007683e0000,0x00000007683e0000,0x000000076ded0000)
  to   space 109120K, 0% used [0x0000000777230000,0x0000000777230000,0x000000077dcc0000)
 ParOldGen       total 239552K, used 134244K [0x0000000600000000, 0x000000060e9f0000, 0x0000000755560000)
  object space 239552K, 56% used [0x0000000600000000,0x0000000608319020,0x000000060e9f0000)
 PSPermGen       total 21248K, used 5636K [0x00000005fae00000, 0x00000005fc2c0000, 0x0000000600000000)
  object space 21248K, 26% used [0x00000005fae00000,0x00000005fb3811c8,0x00000005fc2c0000)
}
Event: 17.949 GC heap before
{Heap before GC invocations=12 (full 2):
 PSYoungGen      total 402880K, used 309760K [0x0000000755560000, 0x000000077dcc0000, 0x0000000800000000)
  eden space 309760K, 100% used [0x0000000755560000,0x00000007683e0000,0x00000007683e0000)
  from space 93120K, 0% used [0x00000007683e0000,0x00000007683e0000,0x000000076ded0000)
  to   space 109120K, 0% used [0x0000000777230000,0x0000000777230000,0x000000077dcc0000)
 ParOldGen       total 239552K, used 134244K [0x0000000600000000, 0x000000060e9f0000, 0x0000000755560000)
  object space 239552K, 56% used [0x0000000600000000,0x0000000608319020,0x000000060e9f0000)
 PSPermGen       total 21248K, used 5644K [0x00000005fae00000, 0x00000005fc2c0000, 0x0000000600000000)
  object space 21248K, 26% used [0x00000005fae00000,0x00000005fb383238,0x00000005fc2c0000)
Event: 18.159 GC heap after
Heap after GC invocations=12 (full 2):
 PSYoungGen      total 452608K, used 64852K [0x0000000755560000, 0x000000077b190000, 0x0000000800000000)
  eden space 387712K, 0% used [0x0000000755560000,0x0000000755560000,0x000000076d000000)
  from space 64896K, 99% used [0x0000000777230000,0x000000077b185170,0x000000077b190000)
  to   space 110528K, 0% used [0x000000076d9b0000,0x000000076d9b0000,0x00000007745a0000)
 ParOldGen       total 239552K, used 134244K [0x0000000600000000, 0x000000060e9f0000, 0x0000000755560000)
  object space 239552K, 56% used [0x0000000600000000,0x0000000608319020,0x000000060e9f0000)
 PSPermGen       total 21248K, used 5644K [0x00000005fae00000, 0x00000005fc2c0000, 0x0000000600000000)
  object space 21248K, 26% used [0x00000005fae00000,0x00000005fb383238,0x00000005fc2c0000)
}
Event: 19.355 GC heap before
{Heap before GC invocations=13 (full 2):
 PSYoungGen      total 452608K, used 452564K [0x0000000755560000, 0x000000077b190000, 0x0000000800000000)
  eden space 387712K, 100% used [0x0000000755560000,0x000000076d000000,0x000000076d000000)
  from space 64896K, 99% used [0x0000000777230000,0x000000077b185170,0x000000077b190000)
  to   space 110528K, 0% used [0x000000076d9b0000,0x000000076d9b0000,0x00000007745a0000)
 ParOldGen       total 239552K, used 134244K [0x0000000600000000, 0x000000060e9f0000, 0x0000000755560000)
  object space 239552K, 56% used [0x0000000600000000,0x0000000608319020,0x000000060e9f0000)
 PSPermGen       total 21248K, used 5673K [0x00000005fae00000, 0x00000005fc2c0000, 0x0000000600000000)
  object space 21248K, 26% used [0x00000005fae00000,0x00000005fb38a6f8,0x00000005fc2c0000)
Event: 19.448 GC heap after
Heap after GC invocations=13 (full 2):
 PSYoungGen      total 508160K, used 103097K [0x0000000755560000, 0x0000000781ca0000, 0x0000000800000000)
  eden space 397632K, 0% used [0x0000000755560000,0x0000000755560000,0x000000076d9b0000)
  from space 110528K, 93% used [0x000000076d9b0000,0x0000000773e5e4c0,0x00000007745a0000)
  to   space 125440K, 0% used [0x000000077a220000,0x000000077a220000,0x0000000781ca0000)
 ParOldGen       total 239552K, used 134244K [0x0000000600000000, 0x000000060e9f0000, 0x0000000755560000)
  object space 239552K, 56% used [0x0000000600000000,0x0000000608319020,0x000000060e9f0000)
 PSPermGen       total 21248K, used 5673K [0x00000005fae00000, 0x00000005fc2c0000, 0x0000000600000000)
  object space 21248K, 26% used [0x00000005fae00000,0x00000005fb38a6f8,0x00000005fc2c0000)
}
Event: 21.419 GC heap before
{Heap before GC invocations=14 (full 2):
 PSYoungGen      total 508160K, used 500729K [0x0000000755560000, 0x0000000781ca0000, 0x0000000800000000)
  eden space 397632K, 100% used [0x0000000755560000,0x000000076d9b0000,0x000000076d9b0000)
  from space 110528K, 93% used [0x000000076d9b0000,0x0000000773e5e4c0,0x00000007745a0000)
  to   space 125440K, 0% used [0x000000077a220000,0x000000077a220000,0x0000000781ca0000)
 ParOldGen       total 239552K, used 134244K [0x0000000600000000, 0x000000060e9f0000, 0x0000000755560000)
  object space 239552K, 56% used [0x0000000600000000,0x0000000608319020,0x000000060e9f0000)
 PSPermGen       total 21248K, used 5698K [0x00000005fae00000, 0x00000005fc2c0000, 0x0000000600000000)
  object space 21248K, 26% used [0x00000005fae00000,0x00000005fb390828,0x00000005fc2c0000)
Event: 21.893 GC heap after
Heap after GC invocations=14 (full 2):
 PSYoungGen      total 574848K, used 125412K [0x0000000755560000, 0x00000007865b0000, 0x0000000800000000)
  eden space 449408K, 0% used [0x0000000755560000,0x0000000755560000,0x0000000770c40000)
  from space 125440K, 99% used [0x000000077a220000,0x0000000781c99098,0x0000000781ca0000)
  to   space 153472K, 0% used [0x0000000770c40000,0x0000000770c40000,0x000000077a220000)
 ParOldGen       total 239552K, used 155748K [0x0000000600000000, 0x000000060e9f0000, 0x0000000755560000)
  object space 239552K, 65% used [0x0000000600000000,0x0000000609819090,0x000000060e9f0000)
 PSPermGen       total 21248K, used 5698K [0x00000005fae00000, 0x00000005fc2c0000, 0x0000000600000000)
  object space 21248K, 26% used [0x00000005fae00000,0x00000005fb390828,0x00000005fc2c0000)
}

