# JRE version: 7.0_11-b21
# Java VM: Java HotSpot(TM) 64-Bit Server VM (23.6-b04 mixed mode windows-amd64 compressed oops)
Heap
 PSYoungGen      total 302016K, used 65712K [0x0000000755560000, 0x000000076d5c0000, 0x0000000800000000)
  eden space 244864K, 3% used [0x0000000755560000,0x0000000755dc36b8,0x0000000764480000)
  from space 57152K, 99% used [0x0000000769df0000,0x000000076d5b8af0,0x000000076d5c0000)
  to   space 40448K, 0% used [0x0000000764480000,0x0000000764480000,0x0000000766c00000)
 ParOldGen       total 128704K, used 73019K [0x0000000600000000, 0x0000000607db0000, 0x0000000755560000)
  object space 128704K, 56% used [0x0000000600000000,0x000000060474ee10,0x0000000607db0000)
 PSPermGen       total 21248K, used 5635K [0x00000005fae00000, 0x00000005fc2c0000, 0x0000000600000000)
  object space 21248K, 26% used [0x00000005fae00000,0x00000005fb380cc8,0x00000005fc2c0000)
GC Heap History (10 events):
Event: 6.382 GC heap before
{Heap before GC invocations=5 (full 0):
 PSYoungGen      total 134912K, used 134911K [0x0000000755560000, 0x000000075de60000, 0x0000000800000000)
  eden space 129536K, 100% used [0x0000000755560000,0x000000075d3e0000,0x000000075d3e0000)
  from space 5376K, 99% used [0x000000075d920000,0x000000075de5fd38,0x000000075de60000)
  to   space 5376K, 0% used [0x000000075d3e0000,0x000000075d3e0000,0x000000075d920000)
 ParOldGen       total 86272K, used 37780K [0x0000000600000000, 0x0000000605440000, 0x0000000755560000)
  object space 86272K, 43% used [0x0000000600000000,0x00000006024e5000,0x0000000605440000)
 PSPermGen       total 21248K, used 5623K [0x00000005fae00000, 0x00000005fc2c0000, 0x0000000600000000)
  object space 21248K, 26% used [0x00000005fae00000,0x00000005fb37dc50,0x00000005fc2c0000)
Event: 6.548 GC heap after
Heap after GC invocations=5 (full 0):
 PSYoungGen      total 134912K, used 5365K [0x0000000755560000, 0x00000007699a0000, 0x0000000800000000)
  eden space 129536K, 0% used [0x0000000755560000,0x0000000755560000,0x000000075d3e0000)
  from space 5376K, 99% used [0x000000075d3e0000,0x000000075d91d408,0x000000075d920000)
  to   space 36480K, 0% used [0x0000000767600000,0x0000000767600000,0x00000007699a0000)
 ParOldGen       total 86272K, used 62361K [0x0000000600000000, 0x0000000605440000, 0x0000000755560000)
  object space 86272K, 72% used [0x0000000600000000,0x0000000603ce6500,0x0000000605440000)
 PSPermGen       total 21248K, used 5623K [0x00000005fae00000, 0x00000005fc2c0000, 0x0000000600000000)
  object space 21248K, 26% used [0x00000005fae00000,0x00000005fb37dc50,0x00000005fc2c0000)
}
Event: 6.548 GC heap before
{Heap before GC invocations=6 (full 1):
 PSYoungGen      total 134912K, used 5365K [0x0000000755560000, 0x00000007699a0000, 0x0000000800000000)
  eden space 129536K, 0% used [0x0000000755560000,0x0000000755560000,0x000000075d3e0000)
  from space 5376K, 99% used [0x000000075d3e0000,0x000000075d91d408,0x000000075d920000)
  to   space 36480K, 0% used [0x0000000767600000,0x0000000767600000,0x00000007699a0000)
 ParOldGen       total 86272K, used 62361K [0x0000000600000000, 0x0000000605440000, 0x0000000755560000)
  object space 86272K, 72% used [0x0000000600000000,0x0000000603ce6500,0x0000000605440000)
 PSPermGen       total 21248K, used 5623K [0x00000005fae00000, 0x00000005fc2c0000, 0x0000000600000000)
  object space 21248K, 26% used [0x00000005fae00000,0x00000005fb37dc50,0x00000005fc2c0000)
Event: 7.475 GC heap after
Heap after GC invocations=6 (full 1):
 PSYoungGen      total 134912K, used 0K [0x0000000755560000, 0x00000007699a0000, 0x0000000800000000)
  eden space 129536K, 0% used [0x0000000755560000,0x0000000755560000,0x000000075d3e0000)
  from space 5376K, 0% used [0x000000075d3e0000,0x000000075d3e0000,0x000000075d920000)
  to   space 36480K, 0% used [0x0000000767600000,0x0000000767600000,0x00000007699a0000)
 ParOldGen       total 128704K, used 46921K [0x0000000600000000, 0x0000000607db0000, 0x0000000755560000)
  object space 128704K, 36% used [0x0000000600000000,0x0000000602dd2610,0x0000000607db0000)
 PSPermGen       total 21248K, used 5617K [0x00000005fae00000, 0x00000005fc2c0000, 0x0000000600000000)
  object space 21248K, 26% used [0x00000005fae00000,0x00000005fb37c710,0x00000005fc2c0000)
}
Event: 7.821 GC heap before
{Heap before GC invocations=7 (full 1):
 PSYoungGen      total 134912K, used 129536K [0x0000000755560000, 0x00000007699a0000, 0x0000000800000000)
  eden space 129536K, 100% used [0x0000000755560000,0x000000075d3e0000,0x000000075d3e0000)
  from space 5376K, 0% used [0x000000075d3e0000,0x000000075d3e0000,0x000000075d920000)
  to   space 36480K, 0% used [0x0000000767600000,0x0000000767600000,0x00000007699a0000)
 ParOldGen       total 128704K, used 46921K [0x0000000600000000, 0x0000000607db0000, 0x0000000755560000)
  object space 128704K, 36% used [0x0000000600000000,0x0000000602dd2610,0x0000000607db0000)
 PSPermGen       total 21248K, used 5625K [0x00000005fae00000, 0x00000005fc2c0000, 0x0000000600000000)
  object space 21248K, 26% used [0x00000005fae00000,0x00000005fb37e410,0x00000005fc2c0000)
Event: 7.865 GC heap after
Heap after GC invocations=7 (full 1):
 PSYoungGen      total 210752K, used 30198K [0x0000000755560000, 0x0000000769380000, 0x0000000800000000)
  eden space 180544K, 0% used [0x0000000755560000,0x0000000755560000,0x00000007605b0000)
  from space 30208K, 99% used [0x0000000767600000,0x000000076937d800,0x0000000769380000)
  to   space 40448K, 0% used [0x0000000764480000,0x0000000764480000,0x0000000766c00000)
 ParOldGen       total 128704K, used 46921K [0x0000000600000000, 0x0000000607db0000, 0x0000000755560000)
  object space 128704K, 36% used [0x0000000600000000,0x0000000602dd2610,0x0000000607db0000)
 PSPermGen       total 21248K, used 5625K [0x00000005fae00000, 0x00000005fc2c0000, 0x0000000600000000)
  object space 21248K, 26% used [0x00000005fae00000,0x00000005fb37e410,0x00000005fc2c0000)
}
Event: 8.869 GC heap before
{Heap before GC invocations=8 (full 1):
 PSYoungGen      total 210752K, used 210742K [0x0000000755560000, 0x0000000769380000, 0x0000000800000000)
  eden space 180544K, 100% used [0x0000000755560000,0x00000007605b0000,0x00000007605b0000)
  from space 30208K, 99% used [0x0000000767600000,0x000000076937d800,0x0000000769380000)
  to   space 40448K, 0% used [0x0000000764480000,0x0000000764480000,0x0000000766c00000)
 ParOldGen       total 128704K, used 46921K [0x0000000600000000, 0x0000000607db0000, 0x0000000755560000)
  object space 128704K, 36% used [0x0000000600000000,0x0000000602dd2610,0x0000000607db0000)
 PSPermGen       total 21248K, used 5628K [0x00000005fae00000, 0x00000005fc2c0000, 0x0000000600000000)
  object space 21248K, 26% used [0x00000005fae00000,0x00000005fb37f1e0,0x00000005fc2c0000)
Event: 9.426 GC heap after
Heap after GC invocations=8 (full 1):
 PSYoungGen      total 285312K, used 40417K [0x0000000755560000, 0x000000076d5c0000, 0x0000000800000000)
  eden space 244864K, 0% used [0x0000000755560000,0x0000000755560000,0x0000000764480000)
  from space 40448K, 99% used [0x0000000764480000,0x0000000766bf85e0,0x0000000766c00000)
  to   space 57152K, 0% used [0x0000000769df0000,0x0000000769df0000,0x000000076d5c0000)
 ParOldGen       total 128704K, used 65367K [0x0000000600000000, 0x0000000607db0000, 0x0000000755560000)
  object space 128704K, 50% used [0x0000000600000000,0x0000000603fd5f90,0x0000000607db0000)
 PSPermGen       total 21248K, used 5628K [0x00000005fae00000, 0x00000005fc2c0000, 0x0000000600000000)
  object space 21248K, 26% used [0x00000005fae00000,0x00000005fb37f1e0,0x00000005fc2c0000)
}
Event: 11.446 GC heap before
{Heap before GC invocations=9 (full 1):
 PSYoungGen      total 285312K, used 285281K [0x0000000755560000, 0x000000076d5c0000, 0x0000000800000000)
  eden space 244864K, 100% used [0x0000000755560000,0x0000000764480000,0x0000000764480000)
  from space 40448K, 99% used [0x0000000764480000,0x0000000766bf85e0,0x0000000766c00000)
  to   space 57152K, 0% used [0x0000000769df0000,0x0000000769df0000,0x000000076d5c0000)
 ParOldGen       total 128704K, used 65367K [0x0000000600000000, 0x0000000607db0000, 0x0000000755560000)
  object space 128704K, 50% used [0x0000000600000000,0x0000000603fd5f90,0x0000000607db0000)
 PSPermGen       total 21248K, used 5635K [0x00000005fae00000, 0x00000005fc2c0000, 0x0000000600000000)
  object space 21248K, 26% used [0x00000005fae00000,0x00000005fb380cc8,0x00000005fc2c0000)
Event: 12.236 GC heap after
Heap after GC invocations=9 (full 1):
 PSYoungGen      total 302016K, used 57122K [0x0000000755560000, 0x000000076d5c0000, 0x0000000800000000)
  eden space 244864K, 0% used [0x0000000755560000,0x0000000755560000,0x0000000764480000)
  from space 57152K, 99% used [0x0000000769df0000,0x000000076d5b8af0,0x000000076d5c0000)
  to   space 40448K, 0% used [0x0000000764480000,0x0000000764480000,0x0000000766c00000)
 ParOldGen       total 128704K, used 73019K [0x0000000600000000, 0x0000000607db0000, 0x0000000755560000)
  object space 128704K, 56% used [0x0000000600000000,0x000000060474ee10,0x0000000607db0000)
 PSPermGen       total 21248K, used 5635K [0x00000005fae00000, 0x00000005fc2c0000, 0x0000000600000000)
  object space 21248K, 26% used [0x00000005fae00000,0x00000005fb380cc8,0x00000005fc2c0000)
}

