# JRE version: 7.0_11-b21
# Java VM: Java HotSpot(TM) 64-Bit Server VM (23.6-b04 mixed mode windows-amd64 compressed oops)
Heap
 PSYoungGen      total 283968K, used 120483K [0x0000000755560000, 0x000000076a640000, 0x0000000800000000)
  eden space 250048K, 48% used [0x0000000755560000,0x000000075cb08d28,0x0000000764990000)
  from space 33920K, 0% used [0x0000000767380000,0x0000000767380000,0x00000007694a0000)
  to   space 42944K, 0% used [0x0000000764990000,0x0000000764990000,0x0000000767380000)
 ParOldGen       total 86272K, used 86270K [0x0000000600000000, 0x0000000605440000, 0x0000000755560000)
  object space 86272K, 99% used [0x0000000600000000,0x000000060543fa40,0x0000000605440000)
 PSPermGen       total 21248K, used 5630K [0x00000005fae00000, 0x00000005fc2c0000, 0x0000000600000000)
  object space 21248K, 26% used [0x00000005fae00000,0x00000005fb37f870,0x00000005fc2c0000)
GC Heap History (10 events):
Event: 7.265 GC heap before
{Heap before GC invocations=4 (full 0):
 PSYoungGen      total 70144K, used 70135K [0x0000000755560000, 0x000000075de60000, 0x0000000800000000)
  eden space 64768K, 100% used [0x0000000755560000,0x00000007594a0000,0x00000007594a0000)
  from space 5376K, 99% used [0x00000007594a0000,0x00000007599ddea8,0x00000007599e0000)
  to   space 5376K, 0% used [0x000000075d920000,0x000000075d920000,0x000000075de60000)
 ParOldGen       total 86272K, used 15487K [0x0000000600000000, 0x0000000605440000, 0x0000000755560000)
  object space 86272K, 17% used [0x0000000600000000,0x0000000600f1ff48,0x0000000605440000)
 PSPermGen       total 21248K, used 5590K [0x00000005fae00000, 0x00000005fc2c0000, 0x0000000600000000)
  object space 21248K, 26% used [0x00000005fae00000,0x00000005fb375808,0x00000005fc2c0000)
Event: 7.950 GC heap after
Heap after GC invocations=4 (full 0):
 PSYoungGen      total 134912K, used 5353K [0x0000000755560000, 0x000000075de60000, 0x0000000800000000)
  eden space 129536K, 0% used [0x0000000755560000,0x0000000755560000,0x000000075d3e0000)
  from space 5376K, 99% used [0x000000075d920000,0x000000075de5a4d8,0x000000075de60000)
  to   space 5376K, 0% used [0x000000075d3e0000,0x000000075d3e0000,0x000000075d920000)
 ParOldGen       total 86272K, used 27399K [0x0000000600000000, 0x0000000605440000, 0x0000000755560000)
  object space 86272K, 31% used [0x0000000600000000,0x0000000601ac1c50,0x0000000605440000)
 PSPermGen       total 21248K, used 5590K [0x00000005fae00000, 0x00000005fc2c0000, 0x0000000600000000)
  object space 21248K, 26% used [0x00000005fae00000,0x00000005fb375808,0x00000005fc2c0000)
}
Event: 9.199 GC heap before
{Heap before GC invocations=5 (full 0):
 PSYoungGen      total 134912K, used 134889K [0x0000000755560000, 0x000000075de60000, 0x0000000800000000)
  eden space 129536K, 100% used [0x0000000755560000,0x000000075d3e0000,0x000000075d3e0000)
  from space 5376K, 99% used [0x000000075d920000,0x000000075de5a4d8,0x000000075de60000)
  to   space 5376K, 0% used [0x000000075d3e0000,0x000000075d3e0000,0x000000075d920000)
 ParOldGen       total 86272K, used 27399K [0x0000000600000000, 0x0000000605440000, 0x0000000755560000)
  object space 86272K, 31% used [0x0000000600000000,0x0000000601ac1c50,0x0000000605440000)
 PSPermGen       total 21248K, used 5605K [0x00000005fae00000, 0x00000005fc2c0000, 0x0000000600000000)
  object space 21248K, 26% used [0x00000005fae00000,0x00000005fb379730,0x00000005fc2c0000)
Event: 9.520 GC heap after
Heap after GC invocations=5 (full 0):
 PSYoungGen      total 134912K, used 5351K [0x0000000755560000, 0x00000007694a0000, 0x0000000800000000)
  eden space 129536K, 0% used [0x0000000755560000,0x0000000755560000,0x000000075d3e0000)
  from space 5376K, 99% used [0x000000075d3e0000,0x000000075d919d10,0x000000075d920000)
  to   space 33920K, 0% used [0x0000000767380000,0x0000000767380000,0x00000007694a0000)
 ParOldGen       total 86272K, used 55651K [0x0000000600000000, 0x0000000605440000, 0x0000000755560000)
  object space 86272K, 64% used [0x0000000600000000,0x0000000603658e90,0x0000000605440000)
 PSPermGen       total 21248K, used 5605K [0x00000005fae00000, 0x00000005fc2c0000, 0x0000000600000000)
  object space 21248K, 26% used [0x00000005fae00000,0x00000005fb379730,0x00000005fc2c0000)
}
Event: 10.062 GC heap before
{Heap before GC invocations=6 (full 0):
 PSYoungGen      total 134912K, used 134887K [0x0000000755560000, 0x00000007694a0000, 0x0000000800000000)
  eden space 129536K, 100% used [0x0000000755560000,0x000000075d3e0000,0x000000075d3e0000)
  from space 5376K, 99% used [0x000000075d3e0000,0x000000075d919d10,0x000000075d920000)
  to   space 33920K, 0% used [0x0000000767380000,0x0000000767380000,0x00000007694a0000)
 ParOldGen       total 86272K, used 55651K [0x0000000600000000, 0x0000000605440000, 0x0000000755560000)
  object space 86272K, 64% used [0x0000000600000000,0x0000000603658e90,0x0000000605440000)
 PSPermGen       total 21248K, used 5613K [0x00000005fae00000, 0x00000005fc2c0000, 0x0000000600000000)
  object space 21248K, 26% used [0x00000005fae00000,0x00000005fb37b6f0,0x00000005fc2c0000)
Event: 10.654 GC heap after
Heap after GC invocations=6 (full 0):
 PSYoungGen      total 283968K, used 33903K [0x0000000755560000, 0x000000076a640000, 0x0000000800000000)
  eden space 250048K, 0% used [0x0000000755560000,0x0000000755560000,0x0000000764990000)
  from space 33920K, 99% used [0x0000000767380000,0x000000076949bf50,0x00000007694a0000)
  to   space 42944K, 0% used [0x0000000764990000,0x0000000764990000,0x0000000767380000)
 ParOldGen       total 86272K, used 59205K [0x0000000600000000, 0x0000000605440000, 0x0000000755560000)
  object space 86272K, 68% used [0x0000000600000000,0x00000006039d1608,0x0000000605440000)
 PSPermGen       total 21248K, used 5613K [0x00000005fae00000, 0x00000005fc2c0000, 0x0000000600000000)
  object space 21248K, 26% used [0x00000005fae00000,0x00000005fb37b6f0,0x00000005fc2c0000)
}
Event: 10.654 GC heap before
{Heap before GC invocations=7 (full 1):
 PSYoungGen      total 283968K, used 33903K [0x0000000755560000, 0x000000076a640000, 0x0000000800000000)
  eden space 250048K, 0% used [0x0000000755560000,0x0000000755560000,0x0000000764990000)
  from space 33920K, 99% used [0x0000000767380000,0x000000076949bf50,0x00000007694a0000)
  to   space 42944K, 0% used [0x0000000764990000,0x0000000764990000,0x0000000767380000)
 ParOldGen       total 86272K, used 59205K [0x0000000600000000, 0x0000000605440000, 0x0000000755560000)
  object space 86272K, 68% used [0x0000000600000000,0x00000006039d1608,0x0000000605440000)
 PSPermGen       total 21248K, used 5613K [0x00000005fae00000, 0x00000005fc2c0000, 0x0000000600000000)
  object space 21248K, 26% used [0x00000005fae00000,0x00000005fb37b6f0,0x00000005fc2c0000)
Event: 11.792 GC heap after
Heap after GC invocations=7 (full 1):
 PSYoungGen      total 283968K, used 0K [0x0000000755560000, 0x000000076a640000, 0x0000000800000000)
  eden space 250048K, 0% used [0x0000000755560000,0x0000000755560000,0x0000000764990000)
  from space 33920K, 0% used [0x0000000767380000,0x0000000767380000,0x00000007694a0000)
  to   space 42944K, 0% used [0x0000000764990000,0x0000000764990000,0x0000000767380000)
 ParOldGen       total 86272K, used 68540K [0x0000000600000000, 0x0000000605440000, 0x0000000755560000)
  object space 86272K, 79% used [0x0000000600000000,0x00000006042ef268,0x0000000605440000)
 PSPermGen       total 21248K, used 5608K [0x00000005fae00000, 0x00000005fc2c0000, 0x0000000600000000)
  object space 21248K, 26% used [0x00000005fae00000,0x00000005fb37a1f0,0x00000005fc2c0000)
}
Event: 14.505 GC heap before
{Heap before GC invocations=8 (full 2):
 PSYoungGen      total 283968K, used 250048K [0x0000000755560000, 0x000000076a640000, 0x0000000800000000)
  eden space 250048K, 100% used [0x0000000755560000,0x0000000764990000,0x0000000764990000)
  from space 33920K, 0% used [0x0000000767380000,0x0000000767380000,0x00000007694a0000)
  to   space 42944K, 0% used [0x0000000764990000,0x0000000764990000,0x0000000767380000)
 ParOldGen       total 86272K, used 68540K [0x0000000600000000, 0x0000000605440000, 0x0000000755560000)
  object space 86272K, 79% used [0x0000000600000000,0x00000006042ef268,0x0000000605440000)
 PSPermGen       total 21248K, used 5623K [0x00000005fae00000, 0x00000005fc2c0000, 0x0000000600000000)
  object space 21248K, 26% used [0x00000005fae00000,0x00000005fb37dc78,0x00000005fc2c0000)
Event: 15.394 GC heap after
Heap after GC invocations=8 (full 2):
 PSYoungGen      total 283968K, used 11933K [0x0000000755560000, 0x000000076a640000, 0x0000000800000000)
  eden space 250048K, 4% used [0x0000000755560000,0x00000007561075f0,0x0000000764990000)
  from space 33920K, 0% used [0x0000000767380000,0x0000000767380000,0x00000007694a0000)
  to   space 42944K, 0% used [0x0000000764990000,0x0000000764990000,0x0000000767380000)
 ParOldGen       total 86272K, used 86270K [0x0000000600000000, 0x0000000605440000, 0x0000000755560000)
  object space 86272K, 99% used [0x0000000600000000,0x000000060543fa40,0x0000000605440000)
 PSPermGen       total 21248K, used 5622K [0x00000005fae00000, 0x00000005fc2c0000, 0x0000000600000000)
  object space 21248K, 26% used [0x00000005fae00000,0x00000005fb37db78,0x00000005fc2c0000)
}

