# JRE version: 7.0_11-b21
# Java VM: Java HotSpot(TM) 64-Bit Server VM (23.6-b04 mixed mode windows-amd64 compressed oops)
Heap
 PSYoungGen      total 200064K, used 48661K [0x0000000755560000, 0x0000000765e60000, 0x0000000800000000)
  eden space 147840K, 15% used [0x0000000755560000,0x0000000756b85f40,0x000000075e5c0000)
  from space 52224K, 49% used [0x000000075e5c0000,0x000000075ff1f8b0,0x00000007618c0000)
  to   space 49536K, 0% used [0x0000000762e00000,0x0000000762e00000,0x0000000765e60000)
 ParOldGen       total 184256K, used 84871K [0x0000000600000000, 0x000000060b3f0000, 0x0000000755560000)
  object space 184256K, 46% used [0x0000000600000000,0x00000006052e1cb8,0x000000060b3f0000)
 PSPermGen       total 21248K, used 5624K [0x00000005fae00000, 0x00000005fc2c0000, 0x0000000600000000)
  object space 21248K, 26% used [0x00000005fae00000,0x00000005fb37e068,0x00000005fc2c0000)
GC Heap History (10 events):
Event: 9.729 GC heap before
{Heap before GC invocations=7 (full 1):
 PSYoungGen      total 134912K, used 129536K [0x0000000755560000, 0x000000075de60000, 0x0000000800000000)
  eden space 129536K, 100% used [0x0000000755560000,0x000000075d3e0000,0x000000075d3e0000)
  from space 5376K, 0% used [0x000000075d3e0000,0x000000075d3e0000,0x000000075d920000)
  to   space 5376K, 0% used [0x000000075d920000,0x000000075d920000,0x000000075de60000)
 ParOldGen       total 111488K, used 42317K [0x0000000600000000, 0x0000000606ce0000, 0x0000000755560000)
  object space 111488K, 37% used [0x0000000600000000,0x0000000602953418,0x0000000606ce0000)
 PSPermGen       total 21248K, used 5597K [0x00000005fae00000, 0x00000005fc2c0000, 0x0000000600000000)
  object space 21248K, 26% used [0x00000005fae00000,0x00000005fb3776b0,0x00000005fc2c0000)
Event: 9.754 GC heap after
Heap after GC invocations=7 (full 1):
 PSYoungGen      total 100864K, used 5363K [0x0000000755560000, 0x0000000767570000, 0x0000000800000000)
  eden space 95488K, 0% used [0x0000000755560000,0x0000000755560000,0x000000075b2a0000)
  from space 5376K, 99% used [0x000000075d920000,0x000000075de5cf68,0x000000075de60000)
  to   space 39424K, 0% used [0x000000075b2a0000,0x000000075b2a0000,0x000000075d920000)
 ParOldGen       total 111488K, used 71655K [0x0000000600000000, 0x0000000606ce0000, 0x0000000755560000)
  object space 111488K, 64% used [0x0000000600000000,0x00000006045f9c50,0x0000000606ce0000)
 PSPermGen       total 21248K, used 5597K [0x00000005fae00000, 0x00000005fc2c0000, 0x0000000600000000)
  object space 21248K, 26% used [0x00000005fae00000,0x00000005fb3776b0,0x00000005fc2c0000)
}
Event: 10.076 GC heap before
{Heap before GC invocations=8 (full 1):
 PSYoungGen      total 100864K, used 100851K [0x0000000755560000, 0x0000000767570000, 0x0000000800000000)
  eden space 95488K, 100% used [0x0000000755560000,0x000000075b2a0000,0x000000075b2a0000)
  from space 5376K, 99% used [0x000000075d920000,0x000000075de5cf68,0x000000075de60000)
  to   space 39424K, 0% used [0x000000075b2a0000,0x000000075b2a0000,0x000000075d920000)
 ParOldGen       total 111488K, used 71655K [0x0000000600000000, 0x0000000606ce0000, 0x0000000755560000)
  object space 111488K, 64% used [0x0000000600000000,0x00000006045f9c50,0x0000000606ce0000)
 PSPermGen       total 21248K, used 5601K [0x00000005fae00000, 0x00000005fc2c0000, 0x0000000600000000)
  object space 21248K, 26% used [0x00000005fae00000,0x00000005fb378750,0x00000005fc2c0000)
Event: 10.123 GC heap after
Heap after GC invocations=8 (full 1):
 PSYoungGen      total 134912K, used 30693K [0x0000000755560000, 0x0000000764120000, 0x0000000800000000)
  eden space 95488K, 0% used [0x0000000755560000,0x0000000755560000,0x000000075b2a0000)
  from space 39424K, 77% used [0x000000075b2a0000,0x000000075d0995e0,0x000000075d920000)
  to   space 41344K, 0% used [0x00000007618c0000,0x00000007618c0000,0x0000000764120000)
 ParOldGen       total 111488K, used 71655K [0x0000000600000000, 0x0000000606ce0000, 0x0000000755560000)
  object space 111488K, 64% used [0x0000000600000000,0x00000006045f9c50,0x0000000606ce0000)
 PSPermGen       total 21248K, used 5601K [0x00000005fae00000, 0x00000005fc2c0000, 0x0000000600000000)
  object space 21248K, 26% used [0x00000005fae00000,0x00000005fb378750,0x00000005fc2c0000)
}
Event: 10.786 GC heap before
{Heap before GC invocations=9 (full 1):
 PSYoungGen      total 134912K, used 126181K [0x0000000755560000, 0x0000000764120000, 0x0000000800000000)
  eden space 95488K, 100% used [0x0000000755560000,0x000000075b2a0000,0x000000075b2a0000)
  from space 39424K, 77% used [0x000000075b2a0000,0x000000075d0995e0,0x000000075d920000)
  to   space 41344K, 0% used [0x00000007618c0000,0x00000007618c0000,0x0000000764120000)
 ParOldGen       total 111488K, used 71655K [0x0000000600000000, 0x0000000606ce0000, 0x0000000755560000)
  object space 111488K, 64% used [0x0000000600000000,0x00000006045f9c50,0x0000000606ce0000)
 PSPermGen       total 21248K, used 5610K [0x00000005fae00000, 0x00000005fc2c0000, 0x0000000600000000)
  object space 21248K, 26% used [0x00000005fae00000,0x00000005fb37a970,0x00000005fc2c0000)
Event: 10.999 GC heap after
Heap after GC invocations=9 (full 1):
 PSYoungGen      total 189184K, used 41340K [0x0000000755560000, 0x00000007659e0000, 0x0000000800000000)
  eden space 147840K, 0% used [0x0000000755560000,0x0000000755560000,0x000000075e5c0000)
  from space 41344K, 99% used [0x00000007618c0000,0x000000076411f0e8,0x0000000764120000)
  to   space 52224K, 0% used [0x000000075e5c0000,0x000000075e5c0000,0x00000007618c0000)
 ParOldGen       total 111488K, used 83326K [0x0000000600000000, 0x0000000606ce0000, 0x0000000755560000)
  object space 111488K, 74% used [0x0000000600000000,0x000000060515fbf8,0x0000000606ce0000)
 PSPermGen       total 21248K, used 5610K [0x00000005fae00000, 0x00000005fc2c0000, 0x0000000600000000)
  object space 21248K, 26% used [0x00000005fae00000,0x00000005fb37a970,0x00000005fc2c0000)
}
Event: 10.999 GC heap before
{Heap before GC invocations=10 (full 2):
 PSYoungGen      total 189184K, used 41340K [0x0000000755560000, 0x00000007659e0000, 0x0000000800000000)
  eden space 147840K, 0% used [0x0000000755560000,0x0000000755560000,0x000000075e5c0000)
  from space 41344K, 99% used [0x00000007618c0000,0x000000076411f0e8,0x0000000764120000)
  to   space 52224K, 0% used [0x000000075e5c0000,0x000000075e5c0000,0x00000007618c0000)
 ParOldGen       total 111488K, used 83326K [0x0000000600000000, 0x0000000606ce0000, 0x0000000755560000)
  object space 111488K, 74% used [0x0000000600000000,0x000000060515fbf8,0x0000000606ce0000)
 PSPermGen       total 21248K, used 5610K [0x00000005fae00000, 0x00000005fc2c0000, 0x0000000600000000)
  object space 21248K, 26% used [0x00000005fae00000,0x00000005fb37a970,0x00000005fc2c0000)
Event: 13.228 GC heap after
Heap after GC invocations=10 (full 2):
 PSYoungGen      total 189184K, used 0K [0x0000000755560000, 0x00000007659e0000, 0x0000000800000000)
  eden space 147840K, 0% used [0x0000000755560000,0x0000000755560000,0x000000075e5c0000)
  from space 41344K, 0% used [0x00000007618c0000,0x00000007618c0000,0x0000000764120000)
  to   space 52224K, 0% used [0x000000075e5c0000,0x000000075e5c0000,0x00000007618c0000)
 ParOldGen       total 184256K, used 84871K [0x0000000600000000, 0x000000060b3f0000, 0x0000000755560000)
  object space 184256K, 46% used [0x0000000600000000,0x00000006052e1cb8,0x000000060b3f0000)
 PSPermGen       total 21248K, used 5610K [0x00000005fae00000, 0x00000005fc2c0000, 0x0000000600000000)
  object space 21248K, 26% used [0x00000005fae00000,0x00000005fb37a870,0x00000005fc2c0000)
}
Event: 16.695 GC heap before
{Heap before GC invocations=11 (full 2):
 PSYoungGen      total 189184K, used 147840K [0x0000000755560000, 0x00000007659e0000, 0x0000000800000000)
  eden space 147840K, 100% used [0x0000000755560000,0x000000075e5c0000,0x000000075e5c0000)
  from space 41344K, 0% used [0x00000007618c0000,0x00000007618c0000,0x0000000764120000)
  to   space 52224K, 0% used [0x000000075e5c0000,0x000000075e5c0000,0x00000007618c0000)
 ParOldGen       total 184256K, used 84871K [0x0000000600000000, 0x000000060b3f0000, 0x0000000755560000)
  object space 184256K, 46% used [0x0000000600000000,0x00000006052e1cb8,0x000000060b3f0000)
 PSPermGen       total 21248K, used 5623K [0x00000005fae00000, 0x00000005fc2c0000, 0x0000000600000000)
  object space 21248K, 26% used [0x00000005fae00000,0x00000005fb37de68,0x00000005fc2c0000)
Event: 16.743 GC heap after
Heap after GC invocations=11 (full 2):
 PSYoungGen      total 200064K, used 25982K [0x0000000755560000, 0x0000000765e60000, 0x0000000800000000)
  eden space 147840K, 0% used [0x0000000755560000,0x0000000755560000,0x000000075e5c0000)
  from space 52224K, 49% used [0x000000075e5c0000,0x000000075ff1f8b0,0x00000007618c0000)
  to   space 49536K, 0% used [0x0000000762e00000,0x0000000762e00000,0x0000000765e60000)
 ParOldGen       total 184256K, used 84871K [0x0000000600000000, 0x000000060b3f0000, 0x0000000755560000)
  object space 184256K, 46% used [0x0000000600000000,0x00000006052e1cb8,0x000000060b3f0000)
 PSPermGen       total 21248K, used 5623K [0x00000005fae00000, 0x00000005fc2c0000, 0x0000000600000000)
  object space 21248K, 26% used [0x00000005fae00000,0x00000005fb37de68,0x00000005fc2c0000)
}

