# JRE version: 7.0_11-b21
# Java VM: Java HotSpot(TM) 64-Bit Server VM (23.6-b04 mixed mode windows-amd64 compressed oops)
Heap
 PSYoungGen      total 134912K, used 9588K [0x0000000755560000, 0x0000000769d80000, 0x0000000800000000)
  eden space 129536K, 7% used [0x0000000755560000,0x0000000755ebd1b8,0x000000075d3e0000)
  from space 5376K, 0% used [0x000000075d3e0000,0x000000075d3e0000,0x000000075d920000)
  to   space 38464K, 0% used [0x00000007677f0000,0x00000007677f0000,0x0000000769d80000)
 ParOldGen       total 86272K, used 53135K [0x0000000600000000, 0x0000000605440000, 0x0000000755560000)
  object space 86272K, 61% used [0x0000000600000000,0x00000006033e3e08,0x0000000605440000)
 PSPermGen       total 21248K, used 5597K [0x00000005fae00000, 0x00000005fc2c0000, 0x0000000600000000)
  object space 21248K, 26% used [0x00000005fae00000,0x00000005fb3775f8,0x00000005fc2c0000)
GC Heap History (10 events):
Event: 2.805 GC heap before
{Heap before GC invocations=2 (full 0):
 PSYoungGen      total 37760K, used 37728K [0x0000000755560000, 0x0000000759f20000, 0x0000000800000000)
  eden space 32384K, 100% used [0x0000000755560000,0x0000000757500000,0x0000000757500000)
  from space 5376K, 99% used [0x0000000757500000,0x0000000757a38138,0x0000000757a40000)
  to   space 5376K, 0% used [0x00000007599e0000,0x00000007599e0000,0x0000000759f20000)
 ParOldGen       total 86272K, used 5290K [0x0000000600000000, 0x0000000605440000, 0x0000000755560000)
  object space 86272K, 6% used [0x0000000600000000,0x000000060052a988,0x0000000605440000)
 PSPermGen       total 21248K, used 5495K [0x00000005fae00000, 0x00000005fc2c0000, 0x0000000600000000)
  object space 21248K, 25% used [0x00000005fae00000,0x00000005fb35dd38,0x00000005fc2c0000)
Event: 2.954 GC heap after
Heap after GC invocations=2 (full 0):
 PSYoungGen      total 70144K, used 5347K [0x0000000755560000, 0x0000000759f20000, 0x0000000800000000)
  eden space 64768K, 0% used [0x0000000755560000,0x0000000755560000,0x00000007594a0000)
  from space 5376K, 99% used [0x00000007599e0000,0x0000000759f18ee8,0x0000000759f20000)
  to   space 5376K, 0% used [0x00000007594a0000,0x00000007594a0000,0x00000007599e0000)
 ParOldGen       total 86272K, used 12794K [0x0000000600000000, 0x0000000605440000, 0x0000000755560000)
  object space 86272K, 14% used [0x0000000600000000,0x0000000600c7e850,0x0000000605440000)
 PSPermGen       total 21248K, used 5495K [0x00000005fae00000, 0x00000005fc2c0000, 0x0000000600000000)
  object space 21248K, 25% used [0x00000005fae00000,0x00000005fb35dd38,0x00000005fc2c0000)
}
Event: 5.497 GC heap before
{Heap before GC invocations=3 (full 0):
 PSYoungGen      total 70144K, used 70115K [0x0000000755560000, 0x0000000759f20000, 0x0000000800000000)
  eden space 64768K, 100% used [0x0000000755560000,0x00000007594a0000,0x00000007594a0000)
  from space 5376K, 99% used [0x00000007599e0000,0x0000000759f18ee8,0x0000000759f20000)
  to   space 5376K, 0% used [0x00000007594a0000,0x00000007594a0000,0x00000007599e0000)
 ParOldGen       total 86272K, used 12794K [0x0000000600000000, 0x0000000605440000, 0x0000000755560000)
  object space 86272K, 14% used [0x0000000600000000,0x0000000600c7e850,0x0000000605440000)
 PSPermGen       total 21248K, used 5559K [0x00000005fae00000, 0x00000005fc2c0000, 0x0000000600000000)
  object space 21248K, 26% used [0x00000005fae00000,0x00000005fb36dd10,0x00000005fc2c0000)
Event: 5.650 GC heap after
Heap after GC invocations=3 (full 0):
 PSYoungGen      total 70144K, used 5361K [0x0000000755560000, 0x000000075de60000, 0x0000000800000000)
  eden space 64768K, 0% used [0x0000000755560000,0x0000000755560000,0x00000007594a0000)
  from space 5376K, 99% used [0x00000007594a0000,0x00000007599dc418,0x00000007599e0000)
  to   space 5376K, 0% used [0x000000075d920000,0x000000075d920000,0x000000075de60000)
 ParOldGen       total 86272K, used 33164K [0x0000000600000000, 0x0000000605440000, 0x0000000755560000)
  object space 86272K, 38% used [0x0000000600000000,0x00000006020630d0,0x0000000605440000)
 PSPermGen       total 21248K, used 5559K [0x00000005fae00000, 0x00000005fc2c0000, 0x0000000600000000)
  object space 21248K, 26% used [0x00000005fae00000,0x00000005fb36dd10,0x00000005fc2c0000)
}
Event: 6.112 GC heap before
{Heap before GC invocations=4 (full 0):
 PSYoungGen      total 70144K, used 70129K [0x0000000755560000, 0x000000075de60000, 0x0000000800000000)
  eden space 64768K, 100% used [0x0000000755560000,0x00000007594a0000,0x00000007594a0000)
  from space 5376K, 99% used [0x00000007594a0000,0x00000007599dc418,0x00000007599e0000)
  to   space 5376K, 0% used [0x000000075d920000,0x000000075d920000,0x000000075de60000)
 ParOldGen       total 86272K, used 33164K [0x0000000600000000, 0x0000000605440000, 0x0000000755560000)
  object space 86272K, 38% used [0x0000000600000000,0x00000006020630d0,0x0000000605440000)
 PSPermGen       total 21248K, used 5569K [0x00000005fae00000, 0x00000005fc2c0000, 0x0000000600000000)
  object space 21248K, 26% used [0x00000005fae00000,0x00000005fb370480,0x00000005fc2c0000)
Event: 6.986 GC heap after
Heap after GC invocations=4 (full 0):
 PSYoungGen      total 134912K, used 5361K [0x0000000755560000, 0x000000075de60000, 0x0000000800000000)
  eden space 129536K, 0% used [0x0000000755560000,0x0000000755560000,0x000000075d3e0000)
  from space 5376K, 99% used [0x000000075d920000,0x000000075de5c480,0x000000075de60000)
  to   space 5376K, 0% used [0x000000075d3e0000,0x000000075d3e0000,0x000000075d920000)
 ParOldGen       total 86272K, used 46331K [0x0000000600000000, 0x0000000605440000, 0x0000000755560000)
  object space 86272K, 53% used [0x0000000600000000,0x0000000602d3ef50,0x0000000605440000)
 PSPermGen       total 21248K, used 5569K [0x00000005fae00000, 0x00000005fc2c0000, 0x0000000600000000)
  object space 21248K, 26% used [0x00000005fae00000,0x00000005fb370480,0x00000005fc2c0000)
}
Event: 8.161 GC heap before
{Heap before GC invocations=5 (full 0):
 PSYoungGen      total 134912K, used 134897K [0x0000000755560000, 0x000000075de60000, 0x0000000800000000)
  eden space 129536K, 100% used [0x0000000755560000,0x000000075d3e0000,0x000000075d3e0000)
  from space 5376K, 99% used [0x000000075d920000,0x000000075de5c480,0x000000075de60000)
  to   space 5376K, 0% used [0x000000075d3e0000,0x000000075d3e0000,0x000000075d920000)
 ParOldGen       total 86272K, used 46331K [0x0000000600000000, 0x0000000605440000, 0x0000000755560000)
  object space 86272K, 53% used [0x0000000600000000,0x0000000602d3ef50,0x0000000605440000)
 PSPermGen       total 21248K, used 5602K [0x00000005fae00000, 0x00000005fc2c0000, 0x0000000600000000)
  object space 21248K, 26% used [0x00000005fae00000,0x00000005fb378930,0x00000005fc2c0000)
Event: 8.276 GC heap after
Heap after GC invocations=5 (full 0):
 PSYoungGen      total 134912K, used 5373K [0x0000000755560000, 0x0000000769d80000, 0x0000000800000000)
  eden space 129536K, 0% used [0x0000000755560000,0x0000000755560000,0x000000075d3e0000)
  from space 5376K, 99% used [0x000000075d3e0000,0x000000075d91f7d0,0x000000075d920000)
  to   space 38464K, 0% used [0x00000007677f0000,0x00000007677f0000,0x0000000769d80000)
 ParOldGen       total 86272K, used 78880K [0x0000000600000000, 0x0000000605440000, 0x0000000755560000)
  object space 86272K, 91% used [0x0000000600000000,0x0000000604d08190,0x0000000605440000)
 PSPermGen       total 21248K, used 5602K [0x00000005fae00000, 0x00000005fc2c0000, 0x0000000600000000)
  object space 21248K, 26% used [0x00000005fae00000,0x00000005fb378930,0x00000005fc2c0000)
}
Event: 8.276 GC heap before
{Heap before GC invocations=6 (full 1):
 PSYoungGen      total 134912K, used 5373K [0x0000000755560000, 0x0000000769d80000, 0x0000000800000000)
  eden space 129536K, 0% used [0x0000000755560000,0x0000000755560000,0x000000075d3e0000)
  from space 5376K, 99% used [0x000000075d3e0000,0x000000075d91f7d0,0x000000075d920000)
  to   space 38464K, 0% used [0x00000007677f0000,0x00000007677f0000,0x0000000769d80000)
 ParOldGen       total 86272K, used 78880K [0x0000000600000000, 0x0000000605440000, 0x0000000755560000)
  object space 86272K, 91% used [0x0000000600000000,0x0000000604d08190,0x0000000605440000)
 PSPermGen       total 21248K, used 5602K [0x00000005fae00000, 0x00000005fc2c0000, 0x0000000600000000)
  object space 21248K, 26% used [0x00000005fae00000,0x00000005fb378930,0x00000005fc2c0000)
Event: 9.031 GC heap after
Heap after GC invocations=6 (full 1):
 PSYoungGen      total 134912K, used 0K [0x0000000755560000, 0x0000000769d80000, 0x0000000800000000)
  eden space 129536K, 0% used [0x0000000755560000,0x0000000755560000,0x000000075d3e0000)
  from space 5376K, 0% used [0x000000075d3e0000,0x000000075d3e0000,0x000000075d920000)
  to   space 38464K, 0% used [0x00000007677f0000,0x00000007677f0000,0x0000000769d80000)
 ParOldGen       total 86272K, used 53135K [0x0000000600000000, 0x0000000605440000, 0x0000000755560000)
  object space 86272K, 61% used [0x0000000600000000,0x00000006033e3e08,0x0000000605440000)
 PSPermGen       total 21248K, used 5597K [0x00000005fae00000, 0x00000005fc2c0000, 0x0000000600000000)
  object space 21248K, 26% used [0x00000005fae00000,0x00000005fb3774f0,0x00000005fc2c0000)
}

