# JRE version: 7.0_11-b21
# Java VM: Java HotSpot(TM) 64-Bit Server VM (23.6-b04 mixed mode windows-amd64 compressed oops)
Heap
 PSYoungGen      total 293248K, used 12859K [0x0000000755560000, 0x000000077be80000, 0x0000000800000000)
  eden space 252928K, 1% used [0x0000000755560000,0x0000000755873320,0x0000000764c60000)
  from space 40320K, 24% used [0x0000000764c60000,0x00000007655dbcb0,0x00000007673c0000)
  to   space 63040K, 0% used [0x00000007780f0000,0x00000007780f0000,0x000000077be80000)
 ParOldGen       total 86272K, used 86270K [0x0000000600000000, 0x0000000605440000, 0x0000000755560000)
  object space 86272K, 99% used [0x0000000600000000,0x000000060543f880,0x0000000605440000)
 PSPermGen       total 21248K, used 5629K [0x00000005fae00000, 0x00000005fc2c0000, 0x0000000600000000)
  object space 21248K, 26% used [0x00000005fae00000,0x00000005fb37f4e8,0x00000005fc2c0000)
GC Heap History (10 events):
Event: 3.889 GC heap before
{Heap before GC invocations=4 (full 0):
 PSYoungGen      total 70144K, used 70137K [0x0000000755560000, 0x000000075de60000, 0x0000000800000000)
  eden space 64768K, 100% used [0x0000000755560000,0x00000007594a0000,0x00000007594a0000)
  from space 5376K, 99% used [0x00000007594a0000,0x00000007599de750,0x00000007599e0000)
  to   space 5376K, 0% used [0x000000075d920000,0x000000075d920000,0x000000075de60000)
 ParOldGen       total 86272K, used 14992K [0x0000000600000000, 0x0000000605440000, 0x0000000755560000)
  object space 86272K, 17% used [0x0000000600000000,0x0000000600ea4268,0x0000000605440000)
 PSPermGen       total 21248K, used 5597K [0x00000005fae00000, 0x00000005fc2c0000, 0x0000000600000000)
  object space 21248K, 26% used [0x00000005fae00000,0x00000005fb377640,0x00000005fc2c0000)
Event: 3.919 GC heap after
Heap after GC invocations=4 (full 0):
 PSYoungGen      total 134912K, used 5375K [0x0000000755560000, 0x000000075de60000, 0x0000000800000000)
  eden space 129536K, 0% used [0x0000000755560000,0x0000000755560000,0x000000075d3e0000)
  from space 5376K, 99% used [0x000000075d920000,0x000000075de5fc30,0x000000075de60000)
  to   space 5376K, 0% used [0x000000075d3e0000,0x000000075d3e0000,0x000000075d920000)
 ParOldGen       total 86272K, used 23533K [0x0000000600000000, 0x0000000605440000, 0x0000000755560000)
  object space 86272K, 27% used [0x0000000600000000,0x00000006016fb6b0,0x0000000605440000)
 PSPermGen       total 21248K, used 5597K [0x00000005fae00000, 0x00000005fc2c0000, 0x0000000600000000)
  object space 21248K, 26% used [0x00000005fae00000,0x00000005fb377640,0x00000005fc2c0000)
}
Event: 4.793 GC heap before
{Heap before GC invocations=5 (full 0):
 PSYoungGen      total 134912K, used 134911K [0x0000000755560000, 0x000000075de60000, 0x0000000800000000)
  eden space 129536K, 100% used [0x0000000755560000,0x000000075d3e0000,0x000000075d3e0000)
  from space 5376K, 99% used [0x000000075d920000,0x000000075de5fc30,0x000000075de60000)
  to   space 5376K, 0% used [0x000000075d3e0000,0x000000075d3e0000,0x000000075d920000)
 ParOldGen       total 86272K, used 23533K [0x0000000600000000, 0x0000000605440000, 0x0000000755560000)
  object space 86272K, 27% used [0x0000000600000000,0x00000006016fb6b0,0x0000000605440000)
 PSPermGen       total 21248K, used 5612K [0x00000005fae00000, 0x00000005fc2c0000, 0x0000000600000000)
  object space 21248K, 26% used [0x00000005fae00000,0x00000005fb37b028,0x00000005fc2c0000)
Event: 4.887 GC heap after
Heap after GC invocations=5 (full 0):
 PSYoungGen      total 134912K, used 5371K [0x0000000755560000, 0x0000000769520000, 0x0000000800000000)
  eden space 129536K, 0% used [0x0000000755560000,0x0000000755560000,0x000000075d3e0000)
  from space 5376K, 99% used [0x000000075d3e0000,0x000000075d91ed78,0x000000075d920000)
  to   space 34176K, 0% used [0x00000007673c0000,0x00000007673c0000,0x0000000769520000)
 ParOldGen       total 86272K, used 54804K [0x0000000600000000, 0x0000000605440000, 0x0000000755560000)
  object space 86272K, 63% used [0x0000000600000000,0x0000000603585360,0x0000000605440000)
 PSPermGen       total 21248K, used 5612K [0x00000005fae00000, 0x00000005fc2c0000, 0x0000000600000000)
  object space 21248K, 26% used [0x00000005fae00000,0x00000005fb37b028,0x00000005fc2c0000)
}
Event: 5.564 GC heap before
{Heap before GC invocations=6 (full 0):
 PSYoungGen      total 134912K, used 134907K [0x0000000755560000, 0x0000000769520000, 0x0000000800000000)
  eden space 129536K, 100% used [0x0000000755560000,0x000000075d3e0000,0x000000075d3e0000)
  from space 5376K, 99% used [0x000000075d3e0000,0x000000075d91ed78,0x000000075d920000)
  to   space 34176K, 0% used [0x00000007673c0000,0x00000007673c0000,0x0000000769520000)
 ParOldGen       total 86272K, used 54804K [0x0000000600000000, 0x0000000605440000, 0x0000000755560000)
  object space 86272K, 63% used [0x0000000600000000,0x0000000603585360,0x0000000605440000)
 PSPermGen       total 21248K, used 5616K [0x00000005fae00000, 0x00000005fc2c0000, 0x0000000600000000)
  object space 21248K, 26% used [0x00000005fae00000,0x00000005fb37c3d8,0x00000005fc2c0000)
Event: 5.615 GC heap after
Heap after GC invocations=6 (full 0):
 PSYoungGen      total 287104K, used 32290K [0x0000000755560000, 0x000000076a120000, 0x0000000800000000)
  eden space 252928K, 0% used [0x0000000755560000,0x0000000755560000,0x0000000764c60000)
  from space 34176K, 94% used [0x00000007673c0000,0x0000000769348818,0x0000000769520000)
  to   space 40320K, 0% used [0x0000000764c60000,0x0000000764c60000,0x00000007673c0000)
 ParOldGen       total 86272K, used 54804K [0x0000000600000000, 0x0000000605440000, 0x0000000755560000)
  object space 86272K, 63% used [0x0000000600000000,0x0000000603585360,0x0000000605440000)
 PSPermGen       total 21248K, used 5616K [0x00000005fae00000, 0x00000005fc2c0000, 0x0000000600000000)
  object space 21248K, 26% used [0x00000005fae00000,0x00000005fb37c3d8,0x00000005fc2c0000)
}
Event: 6.940 GC heap before
{Heap before GC invocations=7 (full 0):
 PSYoungGen      total 287104K, used 285218K [0x0000000755560000, 0x000000076a120000, 0x0000000800000000)
  eden space 252928K, 100% used [0x0000000755560000,0x0000000764c60000,0x0000000764c60000)
  from space 34176K, 94% used [0x00000007673c0000,0x0000000769348818,0x0000000769520000)
  to   space 40320K, 0% used [0x0000000764c60000,0x0000000764c60000,0x00000007673c0000)
 ParOldGen       total 86272K, used 54804K [0x0000000600000000, 0x0000000605440000, 0x0000000755560000)
  object space 86272K, 63% used [0x0000000600000000,0x0000000603585360,0x0000000605440000)
 PSPermGen       total 21248K, used 5633K [0x00000005fae00000, 0x00000005fc2c0000, 0x0000000600000000)
  object space 21248K, 26% used [0x00000005fae00000,0x00000005fb380748,0x00000005fc2c0000)
Event: 7.055 GC heap after
Heap after GC invocations=7 (full 0):
 PSYoungGen      total 293248K, used 40318K [0x0000000755560000, 0x000000077be80000, 0x0000000800000000)
  eden space 252928K, 0% used [0x0000000755560000,0x0000000755560000,0x0000000764c60000)
  from space 40320K, 99% used [0x0000000764c60000,0x00000007673bfbb8,0x00000007673c0000)
  to   space 63040K, 0% used [0x00000007780f0000,0x00000007780f0000,0x000000077be80000)
 ParOldGen       total 86272K, used 84606K [0x0000000600000000, 0x0000000605440000, 0x0000000755560000)
  object space 86272K, 98% used [0x0000000600000000,0x000000060529f968,0x0000000605440000)
 PSPermGen       total 21248K, used 5633K [0x00000005fae00000, 0x00000005fc2c0000, 0x0000000600000000)
  object space 21248K, 26% used [0x00000005fae00000,0x00000005fb380748,0x00000005fc2c0000)
}
Event: 7.055 GC heap before
{Heap before GC invocations=8 (full 1):
 PSYoungGen      total 293248K, used 40318K [0x0000000755560000, 0x000000077be80000, 0x0000000800000000)
  eden space 252928K, 0% used [0x0000000755560000,0x0000000755560000,0x0000000764c60000)
  from space 40320K, 99% used [0x0000000764c60000,0x00000007673bfbb8,0x00000007673c0000)
  to   space 63040K, 0% used [0x00000007780f0000,0x00000007780f0000,0x000000077be80000)
 ParOldGen       total 86272K, used 84606K [0x0000000600000000, 0x0000000605440000, 0x0000000755560000)
  object space 86272K, 98% used [0x0000000600000000,0x000000060529f968,0x0000000605440000)
 PSPermGen       total 21248K, used 5633K [0x00000005fae00000, 0x00000005fc2c0000, 0x0000000600000000)
  object space 21248K, 26% used [0x00000005fae00000,0x00000005fb380748,0x00000005fc2c0000)
Event: 7.886 GC heap after
Heap after GC invocations=8 (full 1):
 PSYoungGen      total 293248K, used 9711K [0x0000000755560000, 0x000000077be80000, 0x0000000800000000)
  eden space 252928K, 0% used [0x0000000755560000,0x0000000755560000,0x0000000764c60000)
  from space 40320K, 24% used [0x0000000764c60000,0x00000007655dbcb0,0x00000007673c0000)
  to   space 63040K, 0% used [0x00000007780f0000,0x00000007780f0000,0x000000077be80000)
 ParOldGen       total 86272K, used 86270K [0x0000000600000000, 0x0000000605440000, 0x0000000755560000)
  object space 86272K, 99% used [0x0000000600000000,0x000000060543f880,0x0000000605440000)
 PSPermGen       total 21248K, used 5629K [0x00000005fae00000, 0x00000005fc2c0000, 0x0000000600000000)
  object space 21248K, 26% used [0x00000005fae00000,0x00000005fb37f4e8,0x00000005fc2c0000)
}

