# JRE version: 7.0_11-b21
# Java VM: Java HotSpot(TM) 64-Bit Server VM (23.6-b04 mixed mode windows-amd64 compressed oops)
Heap
 PSYoungGen      total 335616K, used 304759K [0x0000000755560000, 0x0000000775870000, 0x0000000800000000)
  eden space 284544K, 89% used [0x0000000755560000,0x0000000764d22ee0,0x0000000766b40000)
  from space 51072K, 99% used [0x000000076af70000,0x000000076e14add8,0x000000076e150000)
  to   space 69824K, 0% used [0x0000000766b40000,0x0000000766b40000,0x000000076af70000)
 ParOldGen       total 131904K, used 78065K [0x0000000600000000, 0x00000006080d0000, 0x0000000755560000)
  object space 131904K, 59% used [0x0000000600000000,0x0000000604c3c488,0x00000006080d0000)
 PSPermGen       total 21248K, used 5648K [0x00000005fae00000, 0x00000005fc2c0000, 0x0000000600000000)
  object space 21248K, 26% used [0x00000005fae00000,0x00000005fb384278,0x00000005fc2c0000)
GC Heap History (10 events):
Event: 6.350 GC heap before
{Heap before GC invocations=5 (full 0):
 PSYoungGen      total 134912K, used 134910K [0x0000000755560000, 0x000000075de60000, 0x0000000800000000)
  eden space 129536K, 100% used [0x0000000755560000,0x000000075d3e0000,0x000000075d3e0000)
  from space 5376K, 99% used [0x000000075d920000,0x000000075de5fa10,0x000000075de60000)
  to   space 5376K, 0% used [0x000000075d3e0000,0x000000075d3e0000,0x000000075d920000)
 ParOldGen       total 86272K, used 44662K [0x0000000600000000, 0x0000000605440000, 0x0000000755560000)
  object space 86272K, 51% used [0x0000000600000000,0x0000000602b9d8e8,0x0000000605440000)
 PSPermGen       total 21248K, used 5595K [0x00000005fae00000, 0x00000005fc2c0000, 0x0000000600000000)
  object space 21248K, 26% used [0x00000005fae00000,0x00000005fb376db8,0x00000005fc2c0000)
Event: 6.402 GC heap after
Heap after GC invocations=5 (full 0):
 PSYoungGen      total 134912K, used 5358K [0x0000000755560000, 0x000000076a180000, 0x0000000800000000)
  eden space 129536K, 0% used [0x0000000755560000,0x0000000755560000,0x000000075d3e0000)
  from space 5376K, 99% used [0x000000075d3e0000,0x000000075d91bb00,0x000000075d920000)
  to   space 40512K, 0% used [0x00000007679f0000,0x00000007679f0000,0x000000076a180000)
 ParOldGen       total 86272K, used 78179K [0x0000000600000000, 0x0000000605440000, 0x0000000755560000)
  object space 86272K, 90% used [0x0000000600000000,0x0000000604c58c98,0x0000000605440000)
 PSPermGen       total 21248K, used 5595K [0x00000005fae00000, 0x00000005fc2c0000, 0x0000000600000000)
  object space 21248K, 26% used [0x00000005fae00000,0x00000005fb376db8,0x00000005fc2c0000)
}
Event: 6.402 GC heap before
{Heap before GC invocations=6 (full 1):
 PSYoungGen      total 134912K, used 5358K [0x0000000755560000, 0x000000076a180000, 0x0000000800000000)
  eden space 129536K, 0% used [0x0000000755560000,0x0000000755560000,0x000000075d3e0000)
  from space 5376K, 99% used [0x000000075d3e0000,0x000000075d91bb00,0x000000075d920000)
  to   space 40512K, 0% used [0x00000007679f0000,0x00000007679f0000,0x000000076a180000)
 ParOldGen       total 86272K, used 78179K [0x0000000600000000, 0x0000000605440000, 0x0000000755560000)
  object space 86272K, 90% used [0x0000000600000000,0x0000000604c58c98,0x0000000605440000)
 PSPermGen       total 21248K, used 5595K [0x00000005fae00000, 0x00000005fc2c0000, 0x0000000600000000)
  object space 21248K, 26% used [0x00000005fae00000,0x00000005fb376db8,0x00000005fc2c0000)
Event: 7.549 GC heap after
Heap after GC invocations=6 (full 1):
 PSYoungGen      total 134912K, used 0K [0x0000000755560000, 0x000000076a180000, 0x0000000800000000)
  eden space 129536K, 0% used [0x0000000755560000,0x0000000755560000,0x000000075d3e0000)
  from space 5376K, 0% used [0x000000075d3e0000,0x000000075d3e0000,0x000000075d920000)
  to   space 40512K, 0% used [0x00000007679f0000,0x00000007679f0000,0x000000076a180000)
 ParOldGen       total 131904K, used 49308K [0x0000000600000000, 0x00000006080d0000, 0x0000000755560000)
  object space 131904K, 37% used [0x0000000600000000,0x00000006030270d0,0x00000006080d0000)
 PSPermGen       total 21248K, used 5591K [0x00000005fae00000, 0x00000005fc2c0000, 0x0000000600000000)
  object space 21248K, 26% used [0x00000005fae00000,0x00000005fb375cb8,0x00000005fc2c0000)
}
Event: 7.847 GC heap before
{Heap before GC invocations=7 (full 1):
 PSYoungGen      total 134912K, used 129536K [0x0000000755560000, 0x000000076a180000, 0x0000000800000000)
  eden space 129536K, 100% used [0x0000000755560000,0x000000075d3e0000,0x000000075d3e0000)
  from space 5376K, 0% used [0x000000075d3e0000,0x000000075d3e0000,0x000000075d920000)
  to   space 40512K, 0% used [0x00000007679f0000,0x00000007679f0000,0x000000076a180000)
 ParOldGen       total 131904K, used 49308K [0x0000000600000000, 0x00000006080d0000, 0x0000000755560000)
  object space 131904K, 37% used [0x0000000600000000,0x00000006030270d0,0x00000006080d0000)
 PSPermGen       total 21248K, used 5601K [0x00000005fae00000, 0x00000005fc2c0000, 0x0000000600000000)
  object space 21248K, 26% used [0x00000005fae00000,0x00000005fb378528,0x00000005fc2c0000)
Event: 7.952 GC heap after
Heap after GC invocations=7 (full 1):
 PSYoungGen      total 222720K, used 28870K [0x0000000755560000, 0x0000000769630000, 0x0000000800000000)
  eden space 193792K, 0% used [0x0000000755560000,0x0000000755560000,0x00000007612a0000)
  from space 28928K, 99% used [0x00000007679f0000,0x0000000769621b60,0x0000000769630000)
  to   space 41856K, 0% used [0x0000000764470000,0x0000000764470000,0x0000000766d50000)
 ParOldGen       total 131904K, used 49308K [0x0000000600000000, 0x00000006080d0000, 0x0000000755560000)
  object space 131904K, 37% used [0x0000000600000000,0x00000006030270d0,0x00000006080d0000)
 PSPermGen       total 21248K, used 5601K [0x00000005fae00000, 0x00000005fc2c0000, 0x0000000600000000)
  object space 21248K, 26% used [0x00000005fae00000,0x00000005fb378528,0x00000005fc2c0000)
}
Event: 10.278 GC heap before
{Heap before GC invocations=8 (full 1):
 PSYoungGen      total 222720K, used 222662K [0x0000000755560000, 0x0000000769630000, 0x0000000800000000)
  eden space 193792K, 100% used [0x0000000755560000,0x00000007612a0000,0x00000007612a0000)
  from space 28928K, 99% used [0x00000007679f0000,0x0000000769621b60,0x0000000769630000)
  to   space 41856K, 0% used [0x0000000764470000,0x0000000764470000,0x0000000766d50000)
 ParOldGen       total 131904K, used 49308K [0x0000000600000000, 0x00000006080d0000, 0x0000000755560000)
  object space 131904K, 37% used [0x0000000600000000,0x00000006030270d0,0x00000006080d0000)
 PSPermGen       total 21248K, used 5610K [0x00000005fae00000, 0x00000005fc2c0000, 0x0000000600000000)
  object space 21248K, 26% used [0x00000005fae00000,0x00000005fb37ab48,0x00000005fc2c0000)
Event: 11.492 GC heap after
Heap after GC invocations=8 (full 1):
 PSYoungGen      total 286656K, used 41836K [0x0000000755560000, 0x000000076e150000, 0x0000000800000000)
  eden space 244800K, 0% used [0x0000000755560000,0x0000000755560000,0x0000000764470000)
  from space 41856K, 99% used [0x0000000764470000,0x0000000766d4b340,0x0000000766d50000)
  to   space 51072K, 0% used [0x000000076af70000,0x000000076af70000,0x000000076e150000)
 ParOldGen       total 131904K, used 53546K [0x0000000600000000, 0x00000006080d0000, 0x0000000755560000)
  object space 131904K, 40% used [0x0000000600000000,0x000000060344aab0,0x00000006080d0000)
 PSPermGen       total 21248K, used 5610K [0x00000005fae00000, 0x00000005fc2c0000, 0x0000000600000000)
  object space 21248K, 26% used [0x00000005fae00000,0x00000005fb37ab48,0x00000005fc2c0000)
}
Event: 13.895 GC heap before
{Heap before GC invocations=9 (full 1):
 PSYoungGen      total 286656K, used 286636K [0x0000000755560000, 0x000000076e150000, 0x0000000800000000)
  eden space 244800K, 100% used [0x0000000755560000,0x0000000764470000,0x0000000764470000)
  from space 41856K, 99% used [0x0000000764470000,0x0000000766d4b340,0x0000000766d50000)
  to   space 51072K, 0% used [0x000000076af70000,0x000000076af70000,0x000000076e150000)
 ParOldGen       total 131904K, used 53546K [0x0000000600000000, 0x00000006080d0000, 0x0000000755560000)
  object space 131904K, 40% used [0x0000000600000000,0x000000060344aab0,0x00000006080d0000)
 PSPermGen       total 21248K, used 5633K [0x00000005fae00000, 0x00000005fc2c0000, 0x0000000600000000)
  object space 21248K, 26% used [0x00000005fae00000,0x00000005fb380628,0x00000005fc2c0000)
Event: 14.749 GC heap after
Heap after GC invocations=9 (full 1):
 PSYoungGen      total 335616K, used 51051K [0x0000000755560000, 0x0000000775870000, 0x0000000800000000)
  eden space 284544K, 0% used [0x0000000755560000,0x0000000755560000,0x0000000766b40000)
  from space 51072K, 99% used [0x000000076af70000,0x000000076e14add8,0x000000076e150000)
  to   space 69824K, 0% used [0x0000000766b40000,0x0000000766b40000,0x000000076af70000)
 ParOldGen       total 131904K, used 78065K [0x0000000600000000, 0x00000006080d0000, 0x0000000755560000)
  object space 131904K, 59% used [0x0000000600000000,0x0000000604c3c488,0x00000006080d0000)
 PSPermGen       total 21248K, used 5633K [0x00000005fae00000, 0x00000005fc2c0000, 0x0000000600000000)
  object space 21248K, 26% used [0x00000005fae00000,0x00000005fb380628,0x00000005fc2c0000)
}

