# JRE version: 7.0_11-b21
# Java VM: Java HotSpot(TM) 64-Bit Server VM (23.6-b04 mixed mode windows-amd64 compressed oops)
Heap
 PSYoungGen      total 261376K, used 159115K [0x0000000755560000, 0x0000000772370000, 0x0000000800000000)
  eden space 237824K, 66% used [0x0000000755560000,0x000000075f0c2d88,0x0000000763da0000)
  from space 23552K, 0% used [0x00000007674a0000,0x00000007674a0000,0x0000000768ba0000)
  to   space 56320K, 0% used [0x0000000763da0000,0x0000000763da0000,0x00000007674a0000)
 ParOldGen       total 194880K, used 101391K [0x0000000600000000, 0x000000060be50000, 0x0000000755560000)
  object space 194880K, 52% used [0x0000000600000000,0x0000000606303d10,0x000000060be50000)
 PSPermGen       total 21248K, used 5644K [0x00000005fae00000, 0x00000005fc2c0000, 0x0000000600000000)
  object space 21248K, 26% used [0x00000005fae00000,0x00000005fb383350,0x00000005fc2c0000)
GC Heap History (10 events):
Event: 8.075 GC heap before
{Heap before GC invocations=6 (full 1):
 PSYoungGen      total 134912K, used 5357K [0x0000000755560000, 0x00000007696e0000, 0x0000000800000000)
  eden space 129536K, 0% used [0x0000000755560000,0x0000000755560000,0x000000075d3e0000)
  from space 5376K, 99% used [0x000000075d3e0000,0x000000075d91b4a8,0x000000075d920000)
  to   space 35072K, 0% used [0x00000007674a0000,0x00000007674a0000,0x00000007696e0000)
 ParOldGen       total 86272K, used 71865K [0x0000000600000000, 0x0000000605440000, 0x0000000755560000)
  object space 86272K, 83% used [0x0000000600000000,0x000000060462e718,0x0000000605440000)
 PSPermGen       total 21248K, used 5580K [0x00000005fae00000, 0x00000005fc2c0000, 0x0000000600000000)
  object space 21248K, 26% used [0x00000005fae00000,0x00000005fb3730e8,0x00000005fc2c0000)
Event: 8.717 GC heap after
Heap after GC invocations=6 (full 1):
 PSYoungGen      total 134912K, used 0K [0x0000000755560000, 0x00000007696e0000, 0x0000000800000000)
  eden space 129536K, 0% used [0x0000000755560000,0x0000000755560000,0x000000075d3e0000)
  from space 5376K, 0% used [0x000000075d3e0000,0x000000075d3e0000,0x000000075d920000)
  to   space 35072K, 0% used [0x00000007674a0000,0x00000007674a0000,0x00000007696e0000)
 ParOldGen       total 107968K, used 36373K [0x0000000600000000, 0x0000000606970000, 0x0000000755560000)
  object space 107968K, 33% used [0x0000000600000000,0x0000000602385788,0x0000000606970000)
 PSPermGen       total 21248K, used 5575K [0x00000005fae00000, 0x00000005fc2c0000, 0x0000000600000000)
  object space 21248K, 26% used [0x00000005fae00000,0x00000005fb371fa8,0x00000005fc2c0000)
}
Event: 9.078 GC heap before
{Heap before GC invocations=7 (full 1):
 PSYoungGen      total 134912K, used 129536K [0x0000000755560000, 0x00000007696e0000, 0x0000000800000000)
  eden space 129536K, 100% used [0x0000000755560000,0x000000075d3e0000,0x000000075d3e0000)
  from space 5376K, 0% used [0x000000075d3e0000,0x000000075d3e0000,0x000000075d920000)
  to   space 35072K, 0% used [0x00000007674a0000,0x00000007674a0000,0x00000007696e0000)
 ParOldGen       total 107968K, used 36373K [0x0000000600000000, 0x0000000606970000, 0x0000000755560000)
  object space 107968K, 33% used [0x0000000600000000,0x0000000602385788,0x0000000606970000)
 PSPermGen       total 21248K, used 5587K [0x00000005fae00000, 0x00000005fc2c0000, 0x0000000600000000)
  object space 21248K, 26% used [0x00000005fae00000,0x00000005fb374e90,0x00000005fc2c0000)
Event: 9.144 GC heap after
Heap after GC invocations=7 (full 1):
 PSYoungGen      total 239744K, used 23492K [0x0000000755560000, 0x0000000768ba0000, 0x0000000800000000)
  eden space 216192K, 0% used [0x0000000755560000,0x0000000755560000,0x0000000762880000)
  from space 23552K, 99% used [0x00000007674a0000,0x0000000768b91248,0x0000000768ba0000)
  to   space 34752K, 0% used [0x00000007647c0000,0x00000007647c0000,0x00000007669b0000)
 ParOldGen       total 107968K, used 36373K [0x0000000600000000, 0x0000000606970000, 0x0000000755560000)
  object space 107968K, 33% used [0x0000000600000000,0x0000000602385788,0x0000000606970000)
 PSPermGen       total 21248K, used 5587K [0x00000005fae00000, 0x00000005fc2c0000, 0x0000000600000000)
  object space 21248K, 26% used [0x00000005fae00000,0x00000005fb374e90,0x00000005fc2c0000)
}
Event: 10.145 GC heap before
{Heap before GC invocations=8 (full 1):
 PSYoungGen      total 239744K, used 239684K [0x0000000755560000, 0x0000000768ba0000, 0x0000000800000000)
  eden space 216192K, 100% used [0x0000000755560000,0x0000000762880000,0x0000000762880000)
  from space 23552K, 99% used [0x00000007674a0000,0x0000000768b91248,0x0000000768ba0000)
  to   space 34752K, 0% used [0x00000007647c0000,0x00000007647c0000,0x00000007669b0000)
 ParOldGen       total 107968K, used 36373K [0x0000000600000000, 0x0000000606970000, 0x0000000755560000)
  object space 107968K, 33% used [0x0000000600000000,0x0000000602385788,0x0000000606970000)
 PSPermGen       total 21248K, used 5601K [0x00000005fae00000, 0x00000005fc2c0000, 0x0000000600000000)
  object space 21248K, 26% used [0x00000005fae00000,0x00000005fb3784c0,0x00000005fc2c0000)
Event: 10.183 GC heap after
Heap after GC invocations=8 (full 1):
 PSYoungGen      total 250944K, used 34729K [0x0000000755560000, 0x0000000768ba0000, 0x0000000800000000)
  eden space 216192K, 0% used [0x0000000755560000,0x0000000755560000,0x0000000762880000)
  from space 34752K, 99% used [0x00000007647c0000,0x00000007669aa510,0x00000007669b0000)
  to   space 23552K, 0% used [0x00000007674a0000,0x00000007674a0000,0x0000000768ba0000)
 ParOldGen       total 107968K, used 48102K [0x0000000600000000, 0x0000000606970000, 0x0000000755560000)
  object space 107968K, 44% used [0x0000000600000000,0x0000000602ef9a88,0x0000000606970000)
 PSPermGen       total 21248K, used 5601K [0x00000005fae00000, 0x00000005fc2c0000, 0x0000000600000000)
  object space 21248K, 26% used [0x00000005fae00000,0x00000005fb3784c0,0x00000005fc2c0000)
}
Event: 13.483 GC heap before
{Heap before GC invocations=9 (full 1):
 PSYoungGen      total 250944K, used 250921K [0x0000000755560000, 0x0000000768ba0000, 0x0000000800000000)
  eden space 216192K, 100% used [0x0000000755560000,0x0000000762880000,0x0000000762880000)
  from space 34752K, 99% used [0x00000007647c0000,0x00000007669aa510,0x00000007669b0000)
  to   space 23552K, 0% used [0x00000007674a0000,0x00000007674a0000,0x0000000768ba0000)
 ParOldGen       total 107968K, used 48102K [0x0000000600000000, 0x0000000606970000, 0x0000000755560000)
  object space 107968K, 44% used [0x0000000600000000,0x0000000602ef9a88,0x0000000606970000)
 PSPermGen       total 21248K, used 5631K [0x00000005fae00000, 0x00000005fc2c0000, 0x0000000600000000)
  object space 21248K, 26% used [0x00000005fae00000,0x00000005fb37fc90,0x00000005fc2c0000)
Event: 14.470 GC heap after
Heap after GC invocations=9 (full 1):
 PSYoungGen      total 261376K, used 23535K [0x0000000755560000, 0x0000000772370000, 0x0000000800000000)
  eden space 237824K, 0% used [0x0000000755560000,0x0000000755560000,0x0000000763da0000)
  from space 23552K, 99% used [0x00000007674a0000,0x0000000768b9bf00,0x0000000768ba0000)
  to   space 56320K, 0% used [0x0000000763da0000,0x0000000763da0000,0x00000007674a0000)
 ParOldGen       total 107968K, used 78593K [0x0000000600000000, 0x0000000606970000, 0x0000000755560000)
  object space 107968K, 72% used [0x0000000600000000,0x0000000604cc0438,0x0000000606970000)
 PSPermGen       total 21248K, used 5631K [0x00000005fae00000, 0x00000005fc2c0000, 0x0000000600000000)
  object space 21248K, 26% used [0x00000005fae00000,0x00000005fb37fc90,0x00000005fc2c0000)
}
Event: 14.470 GC heap before
{Heap before GC invocations=10 (full 2):
 PSYoungGen      total 261376K, used 23535K [0x0000000755560000, 0x0000000772370000, 0x0000000800000000)
  eden space 237824K, 0% used [0x0000000755560000,0x0000000755560000,0x0000000763da0000)
  from space 23552K, 99% used [0x00000007674a0000,0x0000000768b9bf00,0x0000000768ba0000)
  to   space 56320K, 0% used [0x0000000763da0000,0x0000000763da0000,0x00000007674a0000)
 ParOldGen       total 107968K, used 78593K [0x0000000600000000, 0x0000000606970000, 0x0000000755560000)
  object space 107968K, 72% used [0x0000000600000000,0x0000000604cc0438,0x0000000606970000)
 PSPermGen       total 21248K, used 5631K [0x00000005fae00000, 0x00000005fc2c0000, 0x0000000600000000)
  object space 21248K, 26% used [0x00000005fae00000,0x00000005fb37fc90,0x00000005fc2c0000)
Event: 15.820 GC heap after
Heap after GC invocations=10 (full 2):
 PSYoungGen      total 261376K, used 0K [0x0000000755560000, 0x0000000772370000, 0x0000000800000000)
  eden space 237824K, 0% used [0x0000000755560000,0x0000000755560000,0x0000000763da0000)
  from space 23552K, 0% used [0x00000007674a0000,0x00000007674a0000,0x0000000768ba0000)
  to   space 56320K, 0% used [0x0000000763da0000,0x0000000763da0000,0x00000007674a0000)
 ParOldGen       total 194880K, used 101391K [0x0000000600000000, 0x000000060be50000, 0x0000000755560000)
  object space 194880K, 52% used [0x0000000600000000,0x0000000606303d10,0x000000060be50000)
 PSPermGen       total 21248K, used 5630K [0x00000005fae00000, 0x00000005fc2c0000, 0x0000000600000000)
  object space 21248K, 26% used [0x00000005fae00000,0x00000005fb37fa30,0x00000005fc2c0000)
}

