# JRE version: 7.0_11-b21
# Java VM: Java HotSpot(TM) 64-Bit Server VM (23.6-b04 mixed mode windows-amd64 compressed oops)
Heap
 PSYoungGen      total 207744K, used 80373K [0x0000000755560000, 0x00000007691c0000, 0x0000000800000000)
  eden space 175296K, 27% used [0x0000000755560000,0x00000007584326e8,0x0000000760090000)
  from space 32448K, 99% used [0x0000000767210000,0x00000007691bae98,0x00000007691c0000)
  to   space 47104K, 0% used [0x00000007635c0000,0x00000007635c0000,0x00000007663c0000)
 ParOldGen       total 122752K, used 59395K [0x0000000600000000, 0x00000006077e0000, 0x0000000755560000)
  object space 122752K, 48% used [0x0000000600000000,0x0000000603a00ca0,0x00000006077e0000)
 PSPermGen       total 21248K, used 5612K [0x00000005fae00000, 0x00000005fc2c0000, 0x0000000600000000)
  object space 21248K, 26% used [0x00000005fae00000,0x00000005fb37b148,0x00000005fc2c0000)
GC Heap History (10 events):
Event: 3.642 GC heap before
{Heap before GC invocations=3 (full 0):
 PSYoungGen      total 70144K, used 70131K [0x0000000755560000, 0x0000000759f20000, 0x0000000800000000)
  eden space 64768K, 100% used [0x0000000755560000,0x00000007594a0000,0x00000007594a0000)
  from space 5376K, 99% used [0x00000007599e0000,0x0000000759f1cfe8,0x0000000759f20000)
  to   space 5376K, 0% used [0x00000007594a0000,0x00000007594a0000,0x00000007599e0000)
 ParOldGen       total 86272K, used 10175K [0x0000000600000000, 0x0000000605440000, 0x0000000755560000)
  object space 86272K, 11% used [0x0000000600000000,0x00000006009effd8,0x0000000605440000)
 PSPermGen       total 21248K, used 5568K [0x00000005fae00000, 0x00000005fc2c0000, 0x0000000600000000)
  object space 21248K, 26% used [0x00000005fae00000,0x00000005fb370118,0x00000005fc2c0000)
Event: 3.897 GC heap after
Heap after GC invocations=3 (full 0):
 PSYoungGen      total 70144K, used 5357K [0x0000000755560000, 0x000000075de60000, 0x0000000800000000)
  eden space 64768K, 0% used [0x0000000755560000,0x0000000755560000,0x00000007594a0000)
  from space 5376K, 99% used [0x00000007594a0000,0x00000007599db490,0x00000007599e0000)
  to   space 5376K, 0% used [0x000000075d920000,0x000000075d920000,0x000000075de60000)
 ParOldGen       total 86272K, used 24471K [0x0000000600000000, 0x0000000605440000, 0x0000000755560000)
  object space 86272K, 28% used [0x0000000600000000,0x00000006017e5ca0,0x0000000605440000)
 PSPermGen       total 21248K, used 5568K [0x00000005fae00000, 0x00000005fc2c0000, 0x0000000600000000)
  object space 21248K, 26% used [0x00000005fae00000,0x00000005fb370118,0x00000005fc2c0000)
}
Event: 4.700 GC heap before
{Heap before GC invocations=4 (full 0):
 PSYoungGen      total 70144K, used 70125K [0x0000000755560000, 0x000000075de60000, 0x0000000800000000)
  eden space 64768K, 100% used [0x0000000755560000,0x00000007594a0000,0x00000007594a0000)
  from space 5376K, 99% used [0x00000007594a0000,0x00000007599db490,0x00000007599e0000)
  to   space 5376K, 0% used [0x000000075d920000,0x000000075d920000,0x000000075de60000)
 ParOldGen       total 86272K, used 24471K [0x0000000600000000, 0x0000000605440000, 0x0000000755560000)
  object space 86272K, 28% used [0x0000000600000000,0x00000006017e5ca0,0x0000000605440000)
 PSPermGen       total 21248K, used 5576K [0x00000005fae00000, 0x00000005fc2c0000, 0x0000000600000000)
  object space 21248K, 26% used [0x00000005fae00000,0x00000005fb372050,0x00000005fc2c0000)
Event: 4.776 GC heap after
Heap after GC invocations=4 (full 0):
 PSYoungGen      total 134912K, used 5356K [0x0000000755560000, 0x000000075de60000, 0x0000000800000000)
  eden space 129536K, 0% used [0x0000000755560000,0x0000000755560000,0x000000075d3e0000)
  from space 5376K, 99% used [0x000000075d920000,0x000000075de5b110,0x000000075de60000)
  to   space 5376K, 0% used [0x000000075d3e0000,0x000000075d3e0000,0x000000075d920000)
 ParOldGen       total 86272K, used 38838K [0x0000000600000000, 0x0000000605440000, 0x0000000755560000)
  object space 86272K, 45% used [0x0000000600000000,0x00000006025ed888,0x0000000605440000)
 PSPermGen       total 21248K, used 5576K [0x00000005fae00000, 0x00000005fc2c0000, 0x0000000600000000)
  object space 21248K, 26% used [0x00000005fae00000,0x00000005fb372050,0x00000005fc2c0000)
}
Event: 5.869 GC heap before
{Heap before GC invocations=5 (full 0):
 PSYoungGen      total 134912K, used 134892K [0x0000000755560000, 0x000000075de60000, 0x0000000800000000)
  eden space 129536K, 100% used [0x0000000755560000,0x000000075d3e0000,0x000000075d3e0000)
  from space 5376K, 99% used [0x000000075d920000,0x000000075de5b110,0x000000075de60000)
  to   space 5376K, 0% used [0x000000075d3e0000,0x000000075d3e0000,0x000000075d920000)
 ParOldGen       total 86272K, used 38838K [0x0000000600000000, 0x0000000605440000, 0x0000000755560000)
  object space 86272K, 45% used [0x0000000600000000,0x00000006025ed888,0x0000000605440000)
 PSPermGen       total 21248K, used 5613K [0x00000005fae00000, 0x00000005fc2c0000, 0x0000000600000000)
  object space 21248K, 26% used [0x00000005fae00000,0x00000005fb37b480,0x00000005fc2c0000)
Event: 5.919 GC heap after
Heap after GC invocations=5 (full 0):
 PSYoungGen      total 134912K, used 5359K [0x0000000755560000, 0x00000007691c0000, 0x0000000800000000)
  eden space 129536K, 0% used [0x0000000755560000,0x0000000755560000,0x000000075d3e0000)
  from space 5376K, 99% used [0x000000075d3e0000,0x000000075d91bd20,0x000000075d920000)
  to   space 32448K, 0% used [0x0000000767210000,0x0000000767210000,0x00000007691c0000)
 ParOldGen       total 86272K, used 64300K [0x0000000600000000, 0x0000000605440000, 0x0000000755560000)
  object space 86272K, 74% used [0x0000000600000000,0x0000000603ecb130,0x0000000605440000)
 PSPermGen       total 21248K, used 5613K [0x00000005fae00000, 0x00000005fc2c0000, 0x0000000600000000)
  object space 21248K, 26% used [0x00000005fae00000,0x00000005fb37b480,0x00000005fc2c0000)
}
Event: 5.919 GC heap before
{Heap before GC invocations=6 (full 1):
 PSYoungGen      total 134912K, used 5359K [0x0000000755560000, 0x00000007691c0000, 0x0000000800000000)
  eden space 129536K, 0% used [0x0000000755560000,0x0000000755560000,0x000000075d3e0000)
  from space 5376K, 99% used [0x000000075d3e0000,0x000000075d91bd20,0x000000075d920000)
  to   space 32448K, 0% used [0x0000000767210000,0x0000000767210000,0x00000007691c0000)
 ParOldGen       total 86272K, used 64300K [0x0000000600000000, 0x0000000605440000, 0x0000000755560000)
  object space 86272K, 74% used [0x0000000600000000,0x0000000603ecb130,0x0000000605440000)
 PSPermGen       total 21248K, used 5613K [0x00000005fae00000, 0x00000005fc2c0000, 0x0000000600000000)
  object space 21248K, 26% used [0x00000005fae00000,0x00000005fb37b480,0x00000005fc2c0000)
Event: 6.711 GC heap after
Heap after GC invocations=6 (full 1):
 PSYoungGen      total 134912K, used 0K [0x0000000755560000, 0x00000007691c0000, 0x0000000800000000)
  eden space 129536K, 0% used [0x0000000755560000,0x0000000755560000,0x000000075d3e0000)
  from space 5376K, 0% used [0x000000075d3e0000,0x000000075d3e0000,0x000000075d920000)
  to   space 32448K, 0% used [0x0000000767210000,0x0000000767210000,0x00000007691c0000)
 ParOldGen       total 122752K, used 43546K [0x0000000600000000, 0x00000006077e0000, 0x0000000755560000)
  object space 122752K, 35% used [0x0000000600000000,0x0000000602a86830,0x00000006077e0000)
 PSPermGen       total 21248K, used 5608K [0x00000005fae00000, 0x00000005fc2c0000, 0x0000000600000000)
  object space 21248K, 26% used [0x00000005fae00000,0x00000005fb37a360,0x00000005fc2c0000)
}
Event: 7.088 GC heap before
{Heap before GC invocations=7 (full 1):
 PSYoungGen      total 134912K, used 129536K [0x0000000755560000, 0x00000007691c0000, 0x0000000800000000)
  eden space 129536K, 100% used [0x0000000755560000,0x000000075d3e0000,0x000000075d3e0000)
  from space 5376K, 0% used [0x000000075d3e0000,0x000000075d3e0000,0x000000075d920000)
  to   space 32448K, 0% used [0x0000000767210000,0x0000000767210000,0x00000007691c0000)
 ParOldGen       total 122752K, used 43546K [0x0000000600000000, 0x00000006077e0000, 0x0000000755560000)
  object space 122752K, 35% used [0x0000000600000000,0x0000000602a86830,0x00000006077e0000)
 PSPermGen       total 21248K, used 5611K [0x00000005fae00000, 0x00000005fc2c0000, 0x0000000600000000)
  object space 21248K, 26% used [0x00000005fae00000,0x00000005fb37aeb0,0x00000005fc2c0000)
Event: 7.123 GC heap after
Heap after GC invocations=7 (full 1):
 PSYoungGen      total 207744K, used 32427K [0x0000000755560000, 0x00000007691c0000, 0x0000000800000000)
  eden space 175296K, 0% used [0x0000000755560000,0x0000000755560000,0x0000000760090000)
  from space 32448K, 99% used [0x0000000767210000,0x00000007691bae98,0x00000007691c0000)
  to   space 47104K, 0% used [0x00000007635c0000,0x00000007635c0000,0x00000007663c0000)
 ParOldGen       total 122752K, used 59395K [0x0000000600000000, 0x00000006077e0000, 0x0000000755560000)
  object space 122752K, 48% used [0x0000000600000000,0x0000000603a00ca0,0x00000006077e0000)
 PSPermGen       total 21248K, used 5611K [0x00000005fae00000, 0x00000005fc2c0000, 0x0000000600000000)
  object space 21248K, 26% used [0x00000005fae00000,0x00000005fb37aeb0,0x00000005fc2c0000)
}

